I, [2015-03-31T10:00:00.035975 #4573]  INFO -- : Started GET "/" for ::1 at 2015-03-31 10:00:00 +0200
F, [2015-03-31T10:00:00.044732 #4573] FATAL -- : 
ActiveRecord::NoDatabaseError (FATAL:  database "database_production" does not exist
):
  activerecord (4.2.0) lib/active_record/connection_adapters/postgresql_adapter.rb:661:in `rescue in connect'
  activerecord (4.2.0) lib/active_record/connection_adapters/postgresql_adapter.rb:651:in `connect'
  activerecord (4.2.0) lib/active_record/connection_adapters/postgresql_adapter.rb:242:in `initialize'
  activerecord (4.2.0) lib/active_record/connection_adapters/postgresql_adapter.rb:44:in `new'
  activerecord (4.2.0) lib/active_record/connection_adapters/postgresql_adapter.rb:44:in `postgresql_connection'
  activerecord (4.2.0) lib/active_record/connection_adapters/abstract/connection_pool.rb:436:in `new_connection'
  activerecord (4.2.0) lib/active_record/connection_adapters/abstract/connection_pool.rb:446:in `checkout_new_connection'
  activerecord (4.2.0) lib/active_record/connection_adapters/abstract/connection_pool.rb:422:in `acquire_connection'
  activerecord (4.2.0) lib/active_record/connection_adapters/abstract/connection_pool.rb:349:in `block in checkout'
  /System/Library/Frameworks/Ruby.framework/Versions/2.0/usr/lib/ruby/2.0.0/monitor.rb:211:in `mon_synchronize'
  activerecord (4.2.0) lib/active_record/connection_adapters/abstract/connection_pool.rb:348:in `checkout'
  activerecord (4.2.0) lib/active_record/connection_adapters/abstract/connection_pool.rb:263:in `block in connection'
  /System/Library/Frameworks/Ruby.framework/Versions/2.0/usr/lib/ruby/2.0.0/monitor.rb:211:in `mon_synchronize'
  activerecord (4.2.0) lib/active_record/connection_adapters/abstract/connection_pool.rb:262:in `connection'
  activerecord (4.2.0) lib/active_record/connection_adapters/abstract/connection_pool.rb:565:in `retrieve_connection'
  activerecord (4.2.0) lib/active_record/connection_handling.rb:113:in `retrieve_connection'
  activerecord (4.2.0) lib/active_record/connection_handling.rb:87:in `connection'
  activerecord (4.2.0) lib/active_record/query_cache.rb:51:in `restore_query_cache_settings'
  activerecord (4.2.0) lib/active_record/query_cache.rb:43:in `rescue in call'
  activerecord (4.2.0) lib/active_record/query_cache.rb:31:in `call'
  activerecord (4.2.0) lib/active_record/connection_adapters/abstract/connection_pool.rb:647:in `call'
  actionpack (4.2.0) lib/action_dispatch/middleware/callbacks.rb:29:in `block in call'
  activesupport (4.2.0) lib/active_support/callbacks.rb:88:in `call'
  activesupport (4.2.0) lib/active_support/callbacks.rb:88:in `_run_callbacks'
  activesupport (4.2.0) lib/active_support/callbacks.rb:734:in `_run_call_callbacks'
  activesupport (4.2.0) lib/active_support/callbacks.rb:81:in `run_callbacks'
  actionpack (4.2.0) lib/action_dispatch/middleware/callbacks.rb:27:in `call'
  actionpack (4.2.0) lib/action_dispatch/middleware/remote_ip.rb:78:in `call'
  actionpack (4.2.0) lib/action_dispatch/middleware/debug_exceptions.rb:17:in `call'
  actionpack (4.2.0) lib/action_dispatch/middleware/show_exceptions.rb:30:in `call'
  railties (4.2.0) lib/rails/rack/logger.rb:38:in `call_app'
  railties (4.2.0) lib/rails/rack/logger.rb:20:in `block in call'
  activesupport (4.2.0) lib/active_support/tagged_logging.rb:68:in `block in tagged'
  activesupport (4.2.0) lib/active_support/tagged_logging.rb:26:in `tagged'
  activesupport (4.2.0) lib/active_support/tagged_logging.rb:68:in `tagged'
  railties (4.2.0) lib/rails/rack/logger.rb:20:in `call'
  actionpack (4.2.0) lib/action_dispatch/middleware/request_id.rb:21:in `call'
  rack (1.6.0) lib/rack/methodoverride.rb:22:in `call'
  rack (1.6.0) lib/rack/runtime.rb:18:in `call'
  activesupport (4.2.0) lib/active_support/cache/strategy/local_cache_middleware.rb:28:in `call'
  rack (1.6.0) lib/rack/sendfile.rb:113:in `call'
  railties (4.2.0) lib/rails/engine.rb:518:in `call'
  railties (4.2.0) lib/rails/application.rb:164:in `call'
  rack (1.6.0) lib/rack/lock.rb:17:in `call'
  rack (1.6.0) lib/rack/content_length.rb:15:in `call'
  rack (1.6.0) lib/rack/handler/webrick.rb:89:in `service'
  /System/Library/Frameworks/Ruby.framework/Versions/2.0/usr/lib/ruby/2.0.0/webrick/httpserver.rb:138:in `service'
  /System/Library/Frameworks/Ruby.framework/Versions/2.0/usr/lib/ruby/2.0.0/webrick/httpserver.rb:94:in `run'
  /System/Library/Frameworks/Ruby.framework/Versions/2.0/usr/lib/ruby/2.0.0/webrick/server.rb:295:in `block in start_thread'


I, [2015-03-31T10:00:07.918692 #4573]  INFO -- : Started GET "/" for ::1 at 2015-03-31 10:00:07 +0200
F, [2015-03-31T10:00:07.924814 #4573] FATAL -- : 
ActiveRecord::NoDatabaseError (FATAL:  database "database_production" does not exist
):
  activerecord (4.2.0) lib/active_record/connection_adapters/postgresql_adapter.rb:661:in `rescue in connect'
  activerecord (4.2.0) lib/active_record/connection_adapters/postgresql_adapter.rb:651:in `connect'
  activerecord (4.2.0) lib/active_record/connection_adapters/postgresql_adapter.rb:242:in `initialize'
  activerecord (4.2.0) lib/active_record/connection_adapters/postgresql_adapter.rb:44:in `new'
  activerecord (4.2.0) lib/active_record/connection_adapters/postgresql_adapter.rb:44:in `postgresql_connection'
  activerecord (4.2.0) lib/active_record/connection_adapters/abstract/connection_pool.rb:436:in `new_connection'
  activerecord (4.2.0) lib/active_record/connection_adapters/abstract/connection_pool.rb:446:in `checkout_new_connection'
  activerecord (4.2.0) lib/active_record/connection_adapters/abstract/connection_pool.rb:422:in `acquire_connection'
  activerecord (4.2.0) lib/active_record/connection_adapters/abstract/connection_pool.rb:349:in `block in checkout'
  /System/Library/Frameworks/Ruby.framework/Versions/2.0/usr/lib/ruby/2.0.0/monitor.rb:211:in `mon_synchronize'
  activerecord (4.2.0) lib/active_record/connection_adapters/abstract/connection_pool.rb:348:in `checkout'
  activerecord (4.2.0) lib/active_record/connection_adapters/abstract/connection_pool.rb:263:in `block in connection'
  /System/Library/Frameworks/Ruby.framework/Versions/2.0/usr/lib/ruby/2.0.0/monitor.rb:211:in `mon_synchronize'
  activerecord (4.2.0) lib/active_record/connection_adapters/abstract/connection_pool.rb:262:in `connection'
  activerecord (4.2.0) lib/active_record/connection_adapters/abstract/connection_pool.rb:565:in `retrieve_connection'
  activerecord (4.2.0) lib/active_record/connection_handling.rb:113:in `retrieve_connection'
  activerecord (4.2.0) lib/active_record/connection_handling.rb:87:in `connection'
  activerecord (4.2.0) lib/active_record/query_cache.rb:51:in `restore_query_cache_settings'
  activerecord (4.2.0) lib/active_record/query_cache.rb:43:in `rescue in call'
  activerecord (4.2.0) lib/active_record/query_cache.rb:31:in `call'
  activerecord (4.2.0) lib/active_record/connection_adapters/abstract/connection_pool.rb:647:in `call'
  actionpack (4.2.0) lib/action_dispatch/middleware/callbacks.rb:29:in `block in call'
  activesupport (4.2.0) lib/active_support/callbacks.rb:88:in `call'
  activesupport (4.2.0) lib/active_support/callbacks.rb:88:in `_run_callbacks'
  activesupport (4.2.0) lib/active_support/callbacks.rb:734:in `_run_call_callbacks'
  activesupport (4.2.0) lib/active_support/callbacks.rb:81:in `run_callbacks'
  actionpack (4.2.0) lib/action_dispatch/middleware/callbacks.rb:27:in `call'
  actionpack (4.2.0) lib/action_dispatch/middleware/remote_ip.rb:78:in `call'
  actionpack (4.2.0) lib/action_dispatch/middleware/debug_exceptions.rb:17:in `call'
  actionpack (4.2.0) lib/action_dispatch/middleware/show_exceptions.rb:30:in `call'
  railties (4.2.0) lib/rails/rack/logger.rb:38:in `call_app'
  railties (4.2.0) lib/rails/rack/logger.rb:20:in `block in call'
  activesupport (4.2.0) lib/active_support/tagged_logging.rb:68:in `block in tagged'
  activesupport (4.2.0) lib/active_support/tagged_logging.rb:26:in `tagged'
  activesupport (4.2.0) lib/active_support/tagged_logging.rb:68:in `tagged'
  railties (4.2.0) lib/rails/rack/logger.rb:20:in `call'
  actionpack (4.2.0) lib/action_dispatch/middleware/request_id.rb:21:in `call'
  rack (1.6.0) lib/rack/methodoverride.rb:22:in `call'
  rack (1.6.0) lib/rack/runtime.rb:18:in `call'
  activesupport (4.2.0) lib/active_support/cache/strategy/local_cache_middleware.rb:28:in `call'
  rack (1.6.0) lib/rack/sendfile.rb:113:in `call'
  railties (4.2.0) lib/rails/engine.rb:518:in `call'
  railties (4.2.0) lib/rails/application.rb:164:in `call'
  rack (1.6.0) lib/rack/lock.rb:17:in `call'
  rack (1.6.0) lib/rack/content_length.rb:15:in `call'
  rack (1.6.0) lib/rack/handler/webrick.rb:89:in `service'
  /System/Library/Frameworks/Ruby.framework/Versions/2.0/usr/lib/ruby/2.0.0/webrick/httpserver.rb:138:in `service'
  /System/Library/Frameworks/Ruby.framework/Versions/2.0/usr/lib/ruby/2.0.0/webrick/httpserver.rb:94:in `run'
  /System/Library/Frameworks/Ruby.framework/Versions/2.0/usr/lib/ruby/2.0.0/webrick/server.rb:295:in `block in start_thread'


I, [2015-03-31T10:00:21.082070 #4573]  INFO -- : Started GET "/" for ::1 at 2015-03-31 10:00:21 +0200
F, [2015-03-31T10:00:21.088589 #4573] FATAL -- : 
ActiveRecord::NoDatabaseError (FATAL:  database "database_production" does not exist
):
  activerecord (4.2.0) lib/active_record/connection_adapters/postgresql_adapter.rb:661:in `rescue in connect'
  activerecord (4.2.0) lib/active_record/connection_adapters/postgresql_adapter.rb:651:in `connect'
  activerecord (4.2.0) lib/active_record/connection_adapters/postgresql_adapter.rb:242:in `initialize'
  activerecord (4.2.0) lib/active_record/connection_adapters/postgresql_adapter.rb:44:in `new'
  activerecord (4.2.0) lib/active_record/connection_adapters/postgresql_adapter.rb:44:in `postgresql_connection'
  activerecord (4.2.0) lib/active_record/connection_adapters/abstract/connection_pool.rb:436:in `new_connection'
  activerecord (4.2.0) lib/active_record/connection_adapters/abstract/connection_pool.rb:446:in `checkout_new_connection'
  activerecord (4.2.0) lib/active_record/connection_adapters/abstract/connection_pool.rb:422:in `acquire_connection'
  activerecord (4.2.0) lib/active_record/connection_adapters/abstract/connection_pool.rb:349:in `block in checkout'
  /System/Library/Frameworks/Ruby.framework/Versions/2.0/usr/lib/ruby/2.0.0/monitor.rb:211:in `mon_synchronize'
  activerecord (4.2.0) lib/active_record/connection_adapters/abstract/connection_pool.rb:348:in `checkout'
  activerecord (4.2.0) lib/active_record/connection_adapters/abstract/connection_pool.rb:263:in `block in connection'
  /System/Library/Frameworks/Ruby.framework/Versions/2.0/usr/lib/ruby/2.0.0/monitor.rb:211:in `mon_synchronize'
  activerecord (4.2.0) lib/active_record/connection_adapters/abstract/connection_pool.rb:262:in `connection'
  activerecord (4.2.0) lib/active_record/connection_adapters/abstract/connection_pool.rb:565:in `retrieve_connection'
  activerecord (4.2.0) lib/active_record/connection_handling.rb:113:in `retrieve_connection'
  activerecord (4.2.0) lib/active_record/connection_handling.rb:87:in `connection'
  activerecord (4.2.0) lib/active_record/query_cache.rb:51:in `restore_query_cache_settings'
  activerecord (4.2.0) lib/active_record/query_cache.rb:43:in `rescue in call'
  activerecord (4.2.0) lib/active_record/query_cache.rb:31:in `call'
  activerecord (4.2.0) lib/active_record/connection_adapters/abstract/connection_pool.rb:647:in `call'
  actionpack (4.2.0) lib/action_dispatch/middleware/callbacks.rb:29:in `block in call'
  activesupport (4.2.0) lib/active_support/callbacks.rb:88:in `call'
  activesupport (4.2.0) lib/active_support/callbacks.rb:88:in `_run_callbacks'
  activesupport (4.2.0) lib/active_support/callbacks.rb:734:in `_run_call_callbacks'
  activesupport (4.2.0) lib/active_support/callbacks.rb:81:in `run_callbacks'
  actionpack (4.2.0) lib/action_dispatch/middleware/callbacks.rb:27:in `call'
  actionpack (4.2.0) lib/action_dispatch/middleware/remote_ip.rb:78:in `call'
  actionpack (4.2.0) lib/action_dispatch/middleware/debug_exceptions.rb:17:in `call'
  actionpack (4.2.0) lib/action_dispatch/middleware/show_exceptions.rb:30:in `call'
  railties (4.2.0) lib/rails/rack/logger.rb:38:in `call_app'
  railties (4.2.0) lib/rails/rack/logger.rb:20:in `block in call'
  activesupport (4.2.0) lib/active_support/tagged_logging.rb:68:in `block in tagged'
  activesupport (4.2.0) lib/active_support/tagged_logging.rb:26:in `tagged'
  activesupport (4.2.0) lib/active_support/tagged_logging.rb:68:in `tagged'
  railties (4.2.0) lib/rails/rack/logger.rb:20:in `call'
  actionpack (4.2.0) lib/action_dispatch/middleware/request_id.rb:21:in `call'
  rack (1.6.0) lib/rack/methodoverride.rb:22:in `call'
  rack (1.6.0) lib/rack/runtime.rb:18:in `call'
  activesupport (4.2.0) lib/active_support/cache/strategy/local_cache_middleware.rb:28:in `call'
  rack (1.6.0) lib/rack/sendfile.rb:113:in `call'
  railties (4.2.0) lib/rails/engine.rb:518:in `call'
  railties (4.2.0) lib/rails/application.rb:164:in `call'
  rack (1.6.0) lib/rack/lock.rb:17:in `call'
  rack (1.6.0) lib/rack/content_length.rb:15:in `call'
  rack (1.6.0) lib/rack/handler/webrick.rb:89:in `service'
  /System/Library/Frameworks/Ruby.framework/Versions/2.0/usr/lib/ruby/2.0.0/webrick/httpserver.rb:138:in `service'
  /System/Library/Frameworks/Ruby.framework/Versions/2.0/usr/lib/ruby/2.0.0/webrick/httpserver.rb:94:in `run'
  /System/Library/Frameworks/Ruby.framework/Versions/2.0/usr/lib/ruby/2.0.0/webrick/server.rb:295:in `block in start_thread'


I, [2015-03-31T10:00:22.352738 #4573]  INFO -- : Started GET "/" for ::1 at 2015-03-31 10:00:22 +0200
F, [2015-03-31T10:00:22.359909 #4573] FATAL -- : 
ActiveRecord::NoDatabaseError (FATAL:  database "database_production" does not exist
):
  activerecord (4.2.0) lib/active_record/connection_adapters/postgresql_adapter.rb:661:in `rescue in connect'
  activerecord (4.2.0) lib/active_record/connection_adapters/postgresql_adapter.rb:651:in `connect'
  activerecord (4.2.0) lib/active_record/connection_adapters/postgresql_adapter.rb:242:in `initialize'
  activerecord (4.2.0) lib/active_record/connection_adapters/postgresql_adapter.rb:44:in `new'
  activerecord (4.2.0) lib/active_record/connection_adapters/postgresql_adapter.rb:44:in `postgresql_connection'
  activerecord (4.2.0) lib/active_record/connection_adapters/abstract/connection_pool.rb:436:in `new_connection'
  activerecord (4.2.0) lib/active_record/connection_adapters/abstract/connection_pool.rb:446:in `checkout_new_connection'
  activerecord (4.2.0) lib/active_record/connection_adapters/abstract/connection_pool.rb:422:in `acquire_connection'
  activerecord (4.2.0) lib/active_record/connection_adapters/abstract/connection_pool.rb:349:in `block in checkout'
  /System/Library/Frameworks/Ruby.framework/Versions/2.0/usr/lib/ruby/2.0.0/monitor.rb:211:in `mon_synchronize'
  activerecord (4.2.0) lib/active_record/connection_adapters/abstract/connection_pool.rb:348:in `checkout'
  activerecord (4.2.0) lib/active_record/connection_adapters/abstract/connection_pool.rb:263:in `block in connection'
  /System/Library/Frameworks/Ruby.framework/Versions/2.0/usr/lib/ruby/2.0.0/monitor.rb:211:in `mon_synchronize'
  activerecord (4.2.0) lib/active_record/connection_adapters/abstract/connection_pool.rb:262:in `connection'
  activerecord (4.2.0) lib/active_record/connection_adapters/abstract/connection_pool.rb:565:in `retrieve_connection'
  activerecord (4.2.0) lib/active_record/connection_handling.rb:113:in `retrieve_connection'
  activerecord (4.2.0) lib/active_record/connection_handling.rb:87:in `connection'
  activerecord (4.2.0) lib/active_record/query_cache.rb:51:in `restore_query_cache_settings'
  activerecord (4.2.0) lib/active_record/query_cache.rb:43:in `rescue in call'
  activerecord (4.2.0) lib/active_record/query_cache.rb:31:in `call'
  activerecord (4.2.0) lib/active_record/connection_adapters/abstract/connection_pool.rb:647:in `call'
  actionpack (4.2.0) lib/action_dispatch/middleware/callbacks.rb:29:in `block in call'
  activesupport (4.2.0) lib/active_support/callbacks.rb:88:in `call'
  activesupport (4.2.0) lib/active_support/callbacks.rb:88:in `_run_callbacks'
  activesupport (4.2.0) lib/active_support/callbacks.rb:734:in `_run_call_callbacks'
  activesupport (4.2.0) lib/active_support/callbacks.rb:81:in `run_callbacks'
  actionpack (4.2.0) lib/action_dispatch/middleware/callbacks.rb:27:in `call'
  actionpack (4.2.0) lib/action_dispatch/middleware/remote_ip.rb:78:in `call'
  actionpack (4.2.0) lib/action_dispatch/middleware/debug_exceptions.rb:17:in `call'
  actionpack (4.2.0) lib/action_dispatch/middleware/show_exceptions.rb:30:in `call'
  railties (4.2.0) lib/rails/rack/logger.rb:38:in `call_app'
  railties (4.2.0) lib/rails/rack/logger.rb:20:in `block in call'
  activesupport (4.2.0) lib/active_support/tagged_logging.rb:68:in `block in tagged'
  activesupport (4.2.0) lib/active_support/tagged_logging.rb:26:in `tagged'
  activesupport (4.2.0) lib/active_support/tagged_logging.rb:68:in `tagged'
  railties (4.2.0) lib/rails/rack/logger.rb:20:in `call'
  actionpack (4.2.0) lib/action_dispatch/middleware/request_id.rb:21:in `call'
  rack (1.6.0) lib/rack/methodoverride.rb:22:in `call'
  rack (1.6.0) lib/rack/runtime.rb:18:in `call'
  activesupport (4.2.0) lib/active_support/cache/strategy/local_cache_middleware.rb:28:in `call'
  rack (1.6.0) lib/rack/sendfile.rb:113:in `call'
  railties (4.2.0) lib/rails/engine.rb:518:in `call'
  railties (4.2.0) lib/rails/application.rb:164:in `call'
  rack (1.6.0) lib/rack/lock.rb:17:in `call'
  rack (1.6.0) lib/rack/content_length.rb:15:in `call'
  rack (1.6.0) lib/rack/handler/webrick.rb:89:in `service'
  /System/Library/Frameworks/Ruby.framework/Versions/2.0/usr/lib/ruby/2.0.0/webrick/httpserver.rb:138:in `service'
  /System/Library/Frameworks/Ruby.framework/Versions/2.0/usr/lib/ruby/2.0.0/webrick/httpserver.rb:94:in `run'
  /System/Library/Frameworks/Ruby.framework/Versions/2.0/usr/lib/ruby/2.0.0/webrick/server.rb:295:in `block in start_thread'


I, [2015-03-31T10:58:57.512996 #4914]  INFO -- : Started GET "/" for ::1 at 2015-03-31 10:58:57 +0200
F, [2015-03-31T10:58:57.524263 #4914] FATAL -- : 
ActiveRecord::NoDatabaseError (FATAL:  database "database_production" does not exist
):
  activerecord (4.2.0) lib/active_record/connection_adapters/postgresql_adapter.rb:661:in `rescue in connect'
  activerecord (4.2.0) lib/active_record/connection_adapters/postgresql_adapter.rb:651:in `connect'
  activerecord (4.2.0) lib/active_record/connection_adapters/postgresql_adapter.rb:242:in `initialize'
  activerecord (4.2.0) lib/active_record/connection_adapters/postgresql_adapter.rb:44:in `new'
  activerecord (4.2.0) lib/active_record/connection_adapters/postgresql_adapter.rb:44:in `postgresql_connection'
  activerecord (4.2.0) lib/active_record/connection_adapters/abstract/connection_pool.rb:436:in `new_connection'
  activerecord (4.2.0) lib/active_record/connection_adapters/abstract/connection_pool.rb:446:in `checkout_new_connection'
  activerecord (4.2.0) lib/active_record/connection_adapters/abstract/connection_pool.rb:422:in `acquire_connection'
  activerecord (4.2.0) lib/active_record/connection_adapters/abstract/connection_pool.rb:349:in `block in checkout'
  /System/Library/Frameworks/Ruby.framework/Versions/2.0/usr/lib/ruby/2.0.0/monitor.rb:211:in `mon_synchronize'
  activerecord (4.2.0) lib/active_record/connection_adapters/abstract/connection_pool.rb:348:in `checkout'
  activerecord (4.2.0) lib/active_record/connection_adapters/abstract/connection_pool.rb:263:in `block in connection'
  /System/Library/Frameworks/Ruby.framework/Versions/2.0/usr/lib/ruby/2.0.0/monitor.rb:211:in `mon_synchronize'
  activerecord (4.2.0) lib/active_record/connection_adapters/abstract/connection_pool.rb:262:in `connection'
  activerecord (4.2.0) lib/active_record/connection_adapters/abstract/connection_pool.rb:565:in `retrieve_connection'
  activerecord (4.2.0) lib/active_record/connection_handling.rb:113:in `retrieve_connection'
  activerecord (4.2.0) lib/active_record/connection_handling.rb:87:in `connection'
  activerecord (4.2.0) lib/active_record/query_cache.rb:51:in `restore_query_cache_settings'
  activerecord (4.2.0) lib/active_record/query_cache.rb:43:in `rescue in call'
  activerecord (4.2.0) lib/active_record/query_cache.rb:31:in `call'
  activerecord (4.2.0) lib/active_record/connection_adapters/abstract/connection_pool.rb:647:in `call'
  actionpack (4.2.0) lib/action_dispatch/middleware/callbacks.rb:29:in `block in call'
  activesupport (4.2.0) lib/active_support/callbacks.rb:88:in `call'
  activesupport (4.2.0) lib/active_support/callbacks.rb:88:in `_run_callbacks'
  activesupport (4.2.0) lib/active_support/callbacks.rb:734:in `_run_call_callbacks'
  activesupport (4.2.0) lib/active_support/callbacks.rb:81:in `run_callbacks'
  actionpack (4.2.0) lib/action_dispatch/middleware/callbacks.rb:27:in `call'
  actionpack (4.2.0) lib/action_dispatch/middleware/remote_ip.rb:78:in `call'
  actionpack (4.2.0) lib/action_dispatch/middleware/debug_exceptions.rb:17:in `call'
  actionpack (4.2.0) lib/action_dispatch/middleware/show_exceptions.rb:30:in `call'
  railties (4.2.0) lib/rails/rack/logger.rb:38:in `call_app'
  railties (4.2.0) lib/rails/rack/logger.rb:20:in `block in call'
  activesupport (4.2.0) lib/active_support/tagged_logging.rb:68:in `block in tagged'
  activesupport (4.2.0) lib/active_support/tagged_logging.rb:26:in `tagged'
  activesupport (4.2.0) lib/active_support/tagged_logging.rb:68:in `tagged'
  railties (4.2.0) lib/rails/rack/logger.rb:20:in `call'
  actionpack (4.2.0) lib/action_dispatch/middleware/request_id.rb:21:in `call'
  rack (1.6.0) lib/rack/methodoverride.rb:22:in `call'
  rack (1.6.0) lib/rack/runtime.rb:18:in `call'
  activesupport (4.2.0) lib/active_support/cache/strategy/local_cache_middleware.rb:28:in `call'
  actionpack (4.2.0) lib/action_dispatch/middleware/static.rb:113:in `call'
  rack (1.6.0) lib/rack/sendfile.rb:113:in `call'
  railties (4.2.0) lib/rails/engine.rb:518:in `call'
  railties (4.2.0) lib/rails/application.rb:164:in `call'
  rack (1.6.0) lib/rack/lock.rb:17:in `call'
  rack (1.6.0) lib/rack/content_length.rb:15:in `call'
  rack (1.6.0) lib/rack/handler/webrick.rb:89:in `service'
  /System/Library/Frameworks/Ruby.framework/Versions/2.0/usr/lib/ruby/2.0.0/webrick/httpserver.rb:138:in `service'
  /System/Library/Frameworks/Ruby.framework/Versions/2.0/usr/lib/ruby/2.0.0/webrick/httpserver.rb:94:in `run'
  /System/Library/Frameworks/Ruby.framework/Versions/2.0/usr/lib/ruby/2.0.0/webrick/server.rb:295:in `block in start_thread'


I, [2015-03-31T10:58:58.732308 #4914]  INFO -- : Started GET "/" for ::1 at 2015-03-31 10:58:58 +0200
F, [2015-03-31T10:58:58.738117 #4914] FATAL -- : 
ActiveRecord::NoDatabaseError (FATAL:  database "database_production" does not exist
):
  activerecord (4.2.0) lib/active_record/connection_adapters/postgresql_adapter.rb:661:in `rescue in connect'
  activerecord (4.2.0) lib/active_record/connection_adapters/postgresql_adapter.rb:651:in `connect'
  activerecord (4.2.0) lib/active_record/connection_adapters/postgresql_adapter.rb:242:in `initialize'
  activerecord (4.2.0) lib/active_record/connection_adapters/postgresql_adapter.rb:44:in `new'
  activerecord (4.2.0) lib/active_record/connection_adapters/postgresql_adapter.rb:44:in `postgresql_connection'
  activerecord (4.2.0) lib/active_record/connection_adapters/abstract/connection_pool.rb:436:in `new_connection'
  activerecord (4.2.0) lib/active_record/connection_adapters/abstract/connection_pool.rb:446:in `checkout_new_connection'
  activerecord (4.2.0) lib/active_record/connection_adapters/abstract/connection_pool.rb:422:in `acquire_connection'
  activerecord (4.2.0) lib/active_record/connection_adapters/abstract/connection_pool.rb:349:in `block in checkout'
  /System/Library/Frameworks/Ruby.framework/Versions/2.0/usr/lib/ruby/2.0.0/monitor.rb:211:in `mon_synchronize'
  activerecord (4.2.0) lib/active_record/connection_adapters/abstract/connection_pool.rb:348:in `checkout'
  activerecord (4.2.0) lib/active_record/connection_adapters/abstract/connection_pool.rb:263:in `block in connection'
  /System/Library/Frameworks/Ruby.framework/Versions/2.0/usr/lib/ruby/2.0.0/monitor.rb:211:in `mon_synchronize'
  activerecord (4.2.0) lib/active_record/connection_adapters/abstract/connection_pool.rb:262:in `connection'
  activerecord (4.2.0) lib/active_record/connection_adapters/abstract/connection_pool.rb:565:in `retrieve_connection'
  activerecord (4.2.0) lib/active_record/connection_handling.rb:113:in `retrieve_connection'
  activerecord (4.2.0) lib/active_record/connection_handling.rb:87:in `connection'
  activerecord (4.2.0) lib/active_record/query_cache.rb:51:in `restore_query_cache_settings'
  activerecord (4.2.0) lib/active_record/query_cache.rb:43:in `rescue in call'
  activerecord (4.2.0) lib/active_record/query_cache.rb:31:in `call'
  activerecord (4.2.0) lib/active_record/connection_adapters/abstract/connection_pool.rb:647:in `call'
  actionpack (4.2.0) lib/action_dispatch/middleware/callbacks.rb:29:in `block in call'
  activesupport (4.2.0) lib/active_support/callbacks.rb:88:in `call'
  activesupport (4.2.0) lib/active_support/callbacks.rb:88:in `_run_callbacks'
  activesupport (4.2.0) lib/active_support/callbacks.rb:734:in `_run_call_callbacks'
  activesupport (4.2.0) lib/active_support/callbacks.rb:81:in `run_callbacks'
  actionpack (4.2.0) lib/action_dispatch/middleware/callbacks.rb:27:in `call'
  actionpack (4.2.0) lib/action_dispatch/middleware/remote_ip.rb:78:in `call'
  actionpack (4.2.0) lib/action_dispatch/middleware/debug_exceptions.rb:17:in `call'
  actionpack (4.2.0) lib/action_dispatch/middleware/show_exceptions.rb:30:in `call'
  railties (4.2.0) lib/rails/rack/logger.rb:38:in `call_app'
  railties (4.2.0) lib/rails/rack/logger.rb:20:in `block in call'
  activesupport (4.2.0) lib/active_support/tagged_logging.rb:68:in `block in tagged'
  activesupport (4.2.0) lib/active_support/tagged_logging.rb:26:in `tagged'
  activesupport (4.2.0) lib/active_support/tagged_logging.rb:68:in `tagged'
  railties (4.2.0) lib/rails/rack/logger.rb:20:in `call'
  actionpack (4.2.0) lib/action_dispatch/middleware/request_id.rb:21:in `call'
  rack (1.6.0) lib/rack/methodoverride.rb:22:in `call'
  rack (1.6.0) lib/rack/runtime.rb:18:in `call'
  activesupport (4.2.0) lib/active_support/cache/strategy/local_cache_middleware.rb:28:in `call'
  actionpack (4.2.0) lib/action_dispatch/middleware/static.rb:113:in `call'
  rack (1.6.0) lib/rack/sendfile.rb:113:in `call'
  railties (4.2.0) lib/rails/engine.rb:518:in `call'
  railties (4.2.0) lib/rails/application.rb:164:in `call'
  rack (1.6.0) lib/rack/lock.rb:17:in `call'
  rack (1.6.0) lib/rack/content_length.rb:15:in `call'
  rack (1.6.0) lib/rack/handler/webrick.rb:89:in `service'
  /System/Library/Frameworks/Ruby.framework/Versions/2.0/usr/lib/ruby/2.0.0/webrick/httpserver.rb:138:in `service'
  /System/Library/Frameworks/Ruby.framework/Versions/2.0/usr/lib/ruby/2.0.0/webrick/httpserver.rb:94:in `run'
  /System/Library/Frameworks/Ruby.framework/Versions/2.0/usr/lib/ruby/2.0.0/webrick/server.rb:295:in `block in start_thread'


I, [2015-03-31T10:59:08.641002 #4919]  INFO -- : Started GET "/" for ::1 at 2015-03-31 10:59:08 +0200
F, [2015-03-31T10:59:08.647570 #4919] FATAL -- : 
ActiveRecord::NoDatabaseError (FATAL:  database "database_production" does not exist
):
  activerecord (4.2.0) lib/active_record/connection_adapters/postgresql_adapter.rb:661:in `rescue in connect'
  activerecord (4.2.0) lib/active_record/connection_adapters/postgresql_adapter.rb:651:in `connect'
  activerecord (4.2.0) lib/active_record/connection_adapters/postgresql_adapter.rb:242:in `initialize'
  activerecord (4.2.0) lib/active_record/connection_adapters/postgresql_adapter.rb:44:in `new'
  activerecord (4.2.0) lib/active_record/connection_adapters/postgresql_adapter.rb:44:in `postgresql_connection'
  activerecord (4.2.0) lib/active_record/connection_adapters/abstract/connection_pool.rb:436:in `new_connection'
  activerecord (4.2.0) lib/active_record/connection_adapters/abstract/connection_pool.rb:446:in `checkout_new_connection'
  activerecord (4.2.0) lib/active_record/connection_adapters/abstract/connection_pool.rb:422:in `acquire_connection'
  activerecord (4.2.0) lib/active_record/connection_adapters/abstract/connection_pool.rb:349:in `block in checkout'
  /System/Library/Frameworks/Ruby.framework/Versions/2.0/usr/lib/ruby/2.0.0/monitor.rb:211:in `mon_synchronize'
  activerecord (4.2.0) lib/active_record/connection_adapters/abstract/connection_pool.rb:348:in `checkout'
  activerecord (4.2.0) lib/active_record/connection_adapters/abstract/connection_pool.rb:263:in `block in connection'
  /System/Library/Frameworks/Ruby.framework/Versions/2.0/usr/lib/ruby/2.0.0/monitor.rb:211:in `mon_synchronize'
  activerecord (4.2.0) lib/active_record/connection_adapters/abstract/connection_pool.rb:262:in `connection'
  activerecord (4.2.0) lib/active_record/connection_adapters/abstract/connection_pool.rb:565:in `retrieve_connection'
  activerecord (4.2.0) lib/active_record/connection_handling.rb:113:in `retrieve_connection'
  activerecord (4.2.0) lib/active_record/connection_handling.rb:87:in `connection'
  activerecord (4.2.0) lib/active_record/query_cache.rb:51:in `restore_query_cache_settings'
  activerecord (4.2.0) lib/active_record/query_cache.rb:43:in `rescue in call'
  activerecord (4.2.0) lib/active_record/query_cache.rb:31:in `call'
  activerecord (4.2.0) lib/active_record/connection_adapters/abstract/connection_pool.rb:647:in `call'
  actionpack (4.2.0) lib/action_dispatch/middleware/callbacks.rb:29:in `block in call'
  activesupport (4.2.0) lib/active_support/callbacks.rb:88:in `call'
  activesupport (4.2.0) lib/active_support/callbacks.rb:88:in `_run_callbacks'
  activesupport (4.2.0) lib/active_support/callbacks.rb:734:in `_run_call_callbacks'
  activesupport (4.2.0) lib/active_support/callbacks.rb:81:in `run_callbacks'
  actionpack (4.2.0) lib/action_dispatch/middleware/callbacks.rb:27:in `call'
  actionpack (4.2.0) lib/action_dispatch/middleware/remote_ip.rb:78:in `call'
  actionpack (4.2.0) lib/action_dispatch/middleware/debug_exceptions.rb:17:in `call'
  actionpack (4.2.0) lib/action_dispatch/middleware/show_exceptions.rb:30:in `call'
  railties (4.2.0) lib/rails/rack/logger.rb:38:in `call_app'
  railties (4.2.0) lib/rails/rack/logger.rb:20:in `block in call'
  activesupport (4.2.0) lib/active_support/tagged_logging.rb:68:in `block in tagged'
  activesupport (4.2.0) lib/active_support/tagged_logging.rb:26:in `tagged'
  activesupport (4.2.0) lib/active_support/tagged_logging.rb:68:in `tagged'
  railties (4.2.0) lib/rails/rack/logger.rb:20:in `call'
  actionpack (4.2.0) lib/action_dispatch/middleware/request_id.rb:21:in `call'
  rack (1.6.0) lib/rack/methodoverride.rb:22:in `call'
  rack (1.6.0) lib/rack/runtime.rb:18:in `call'
  activesupport (4.2.0) lib/active_support/cache/strategy/local_cache_middleware.rb:28:in `call'
  actionpack (4.2.0) lib/action_dispatch/middleware/static.rb:113:in `call'
  rack (1.6.0) lib/rack/sendfile.rb:113:in `call'
  railties (4.2.0) lib/rails/engine.rb:518:in `call'
  railties (4.2.0) lib/rails/application.rb:164:in `call'
  rack (1.6.0) lib/rack/lock.rb:17:in `call'
  rack (1.6.0) lib/rack/content_length.rb:15:in `call'
  rack (1.6.0) lib/rack/handler/webrick.rb:89:in `service'
  /System/Library/Frameworks/Ruby.framework/Versions/2.0/usr/lib/ruby/2.0.0/webrick/httpserver.rb:138:in `service'
  /System/Library/Frameworks/Ruby.framework/Versions/2.0/usr/lib/ruby/2.0.0/webrick/httpserver.rb:94:in `run'
  /System/Library/Frameworks/Ruby.framework/Versions/2.0/usr/lib/ruby/2.0.0/webrick/server.rb:295:in `block in start_thread'


I, [2015-03-31T11:07:29.145326 #4962]  INFO -- : Started GET "/" for ::1 at 2015-03-31 11:07:29 +0200
F, [2015-03-31T11:07:29.151615 #4962] FATAL -- : 
ActiveRecord::NoDatabaseError (FATAL:  database "database_production" does not exist
):
  activerecord (4.2.0) lib/active_record/connection_adapters/postgresql_adapter.rb:661:in `rescue in connect'
  activerecord (4.2.0) lib/active_record/connection_adapters/postgresql_adapter.rb:651:in `connect'
  activerecord (4.2.0) lib/active_record/connection_adapters/postgresql_adapter.rb:242:in `initialize'
  activerecord (4.2.0) lib/active_record/connection_adapters/postgresql_adapter.rb:44:in `new'
  activerecord (4.2.0) lib/active_record/connection_adapters/postgresql_adapter.rb:44:in `postgresql_connection'
  activerecord (4.2.0) lib/active_record/connection_adapters/abstract/connection_pool.rb:436:in `new_connection'
  activerecord (4.2.0) lib/active_record/connection_adapters/abstract/connection_pool.rb:446:in `checkout_new_connection'
  activerecord (4.2.0) lib/active_record/connection_adapters/abstract/connection_pool.rb:422:in `acquire_connection'
  activerecord (4.2.0) lib/active_record/connection_adapters/abstract/connection_pool.rb:349:in `block in checkout'
  /System/Library/Frameworks/Ruby.framework/Versions/2.0/usr/lib/ruby/2.0.0/monitor.rb:211:in `mon_synchronize'
  activerecord (4.2.0) lib/active_record/connection_adapters/abstract/connection_pool.rb:348:in `checkout'
  activerecord (4.2.0) lib/active_record/connection_adapters/abstract/connection_pool.rb:263:in `block in connection'
  /System/Library/Frameworks/Ruby.framework/Versions/2.0/usr/lib/ruby/2.0.0/monitor.rb:211:in `mon_synchronize'
  activerecord (4.2.0) lib/active_record/connection_adapters/abstract/connection_pool.rb:262:in `connection'
  activerecord (4.2.0) lib/active_record/connection_adapters/abstract/connection_pool.rb:565:in `retrieve_connection'
  activerecord (4.2.0) lib/active_record/connection_handling.rb:113:in `retrieve_connection'
  activerecord (4.2.0) lib/active_record/connection_handling.rb:87:in `connection'
  activerecord (4.2.0) lib/active_record/query_cache.rb:51:in `restore_query_cache_settings'
  activerecord (4.2.0) lib/active_record/query_cache.rb:43:in `rescue in call'
  activerecord (4.2.0) lib/active_record/query_cache.rb:31:in `call'
  activerecord (4.2.0) lib/active_record/connection_adapters/abstract/connection_pool.rb:647:in `call'
  actionpack (4.2.0) lib/action_dispatch/middleware/callbacks.rb:29:in `block in call'
  activesupport (4.2.0) lib/active_support/callbacks.rb:88:in `call'
  activesupport (4.2.0) lib/active_support/callbacks.rb:88:in `_run_callbacks'
  activesupport (4.2.0) lib/active_support/callbacks.rb:734:in `_run_call_callbacks'
  activesupport (4.2.0) lib/active_support/callbacks.rb:81:in `run_callbacks'
  actionpack (4.2.0) lib/action_dispatch/middleware/callbacks.rb:27:in `call'
  actionpack (4.2.0) lib/action_dispatch/middleware/remote_ip.rb:78:in `call'
  actionpack (4.2.0) lib/action_dispatch/middleware/debug_exceptions.rb:17:in `call'
  actionpack (4.2.0) lib/action_dispatch/middleware/show_exceptions.rb:30:in `call'
  railties (4.2.0) lib/rails/rack/logger.rb:38:in `call_app'
  railties (4.2.0) lib/rails/rack/logger.rb:20:in `block in call'
  activesupport (4.2.0) lib/active_support/tagged_logging.rb:68:in `block in tagged'
  activesupport (4.2.0) lib/active_support/tagged_logging.rb:26:in `tagged'
  activesupport (4.2.0) lib/active_support/tagged_logging.rb:68:in `tagged'
  railties (4.2.0) lib/rails/rack/logger.rb:20:in `call'
  actionpack (4.2.0) lib/action_dispatch/middleware/request_id.rb:21:in `call'
  rack (1.6.0) lib/rack/methodoverride.rb:22:in `call'
  rack (1.6.0) lib/rack/runtime.rb:18:in `call'
  activesupport (4.2.0) lib/active_support/cache/strategy/local_cache_middleware.rb:28:in `call'
  actionpack (4.2.0) lib/action_dispatch/middleware/static.rb:113:in `call'
  rack (1.6.0) lib/rack/sendfile.rb:113:in `call'
  railties (4.2.0) lib/rails/engine.rb:518:in `call'
  railties (4.2.0) lib/rails/application.rb:164:in `call'
  rack (1.6.0) lib/rack/lock.rb:17:in `call'
  rack (1.6.0) lib/rack/content_length.rb:15:in `call'
  rack (1.6.0) lib/rack/handler/webrick.rb:89:in `service'
  /System/Library/Frameworks/Ruby.framework/Versions/2.0/usr/lib/ruby/2.0.0/webrick/httpserver.rb:138:in `service'
  /System/Library/Frameworks/Ruby.framework/Versions/2.0/usr/lib/ruby/2.0.0/webrick/httpserver.rb:94:in `run'
  /System/Library/Frameworks/Ruby.framework/Versions/2.0/usr/lib/ruby/2.0.0/webrick/server.rb:295:in `block in start_thread'


D, [2015-03-31T11:09:00.537641 #4982] DEBUG -- :   [1m[36mSQL (0.4ms)[0m  [1mCREATE EXTENSION IF NOT EXISTS "plpgsql"[0m
D, [2015-03-31T11:09:00.558543 #4982] DEBUG -- :   [1m[35m (9.4ms)[0m  CREATE TABLE "admins" ("id" serial primary key, "email" character varying DEFAULT '' NOT NULL, "encrypted_password" character varying DEFAULT '' NOT NULL, "reset_password_token" character varying, "reset_password_sent_at" timestamp, "remember_created_at" timestamp, "sign_in_count" integer DEFAULT 0 NOT NULL, "current_sign_in_at" timestamp, "last_sign_in_at" timestamp, "current_sign_in_ip" character varying, "last_sign_in_ip" character varying, "created_at" timestamp, "updated_at" timestamp) 
D, [2015-03-31T11:09:00.564054 #4982] DEBUG -- :   [1m[36m (1.3ms)[0m  [1mCREATE UNIQUE INDEX  "index_admins_on_email" ON "admins" USING btree ("email")[0m
D, [2015-03-31T11:09:00.568542 #4982] DEBUG -- :   [1m[35m (1.1ms)[0m  CREATE UNIQUE INDEX  "index_admins_on_reset_password_token" ON "admins" USING btree ("reset_password_token")
D, [2015-03-31T11:09:00.575877 #4982] DEBUG -- :   [1m[36m (6.2ms)[0m  [1mCREATE TABLE "categories" ("id" serial primary key, "name" character varying) [0m
D, [2015-03-31T11:09:00.584083 #4982] DEBUG -- :   [1m[35m (5.5ms)[0m  CREATE TABLE "companies" ("id" serial primary key, "name" character varying, "description" text, "website" character varying, "logo" text, "billing_name" character varying, "vat_number" character varying, "street" character varying, "city" character varying, "state" character varying, "postal_code" character varying, "country" character varying, "created_at" timestamp NOT NULL, "updated_at" timestamp NOT NULL) 
D, [2015-03-31T11:09:00.593318 #4982] DEBUG -- :   [1m[36m (7.4ms)[0m  [1mCREATE TABLE "currencies" ("id" serial primary key, "title" character varying) [0m
D, [2015-03-31T11:09:00.602848 #4982] DEBUG -- :   [1m[35m (6.3ms)[0m  CREATE TABLE "input_files" ("id" serial primary key, "file_path" character varying, "project_id" integer, "created_at" timestamp NOT NULL, "updated_at" timestamp NOT NULL, "name" character varying) 
D, [2015-03-31T11:09:00.609817 #4982] DEBUG -- :   [1m[36m (3.8ms)[0m  [1mCREATE TABLE "invitations" ("id" serial primary key, "company_id" integer, "email" character varying, "created_at" timestamp NOT NULL, "updated_at" timestamp NOT NULL, "done" boolean DEFAULT 'f') [0m
D, [2015-03-31T11:09:00.615215 #4982] DEBUG -- :   [1m[35m (3.9ms)[0m  CREATE TABLE "invoices" ("id" serial primary key, "file_path" character varying, "project_id" integer, "name" character varying, "created_at" timestamp NOT NULL, "updated_at" timestamp NOT NULL) 
D, [2015-03-31T11:09:00.623879 #4982] DEBUG -- :   [1m[36m (6.7ms)[0m  [1mCREATE TABLE "messages" ("id" serial primary key, "subject" character varying, "body" text, "project_id" integer, "sender_id" integer, "receiver_id" integer, "created_at" timestamp NOT NULL, "updated_at" timestamp NOT NULL, "read" boolean DEFAULT 'f') [0m
D, [2015-03-31T11:09:00.632677 #4982] DEBUG -- :   [1m[35m (7.0ms)[0m  CREATE TABLE "output_files" ("id" serial primary key, "file_path" character varying, "project_id" integer, "name" character varying, "created_at" timestamp NOT NULL, "updated_at" timestamp NOT NULL) 
D, [2015-03-31T11:09:00.638094 #4982] DEBUG -- :   [1m[36m (3.8ms)[0m  [1mCREATE TABLE "projects" ("id" serial primary key, "title" character varying, "status" character varying, "description" text, "urgency" text, "deadline" date, "created_at" timestamp NOT NULL, "updated_at" timestamp NOT NULL, "project_manager_id" integer, "project_owner_id" integer, "cost" integer, "instruction" text, "starting" date, "company_id" integer, "category_id" integer, "confirmation" boolean DEFAULT 'f', "currency_id" integer) [0m
D, [2015-03-31T11:09:00.647261 #4982] DEBUG -- :   [1m[35m (7.6ms)[0m  CREATE TABLE "quotations" ("id" serial primary key, "file_path" character varying, "project_id" integer, "name" character varying, "created_at" timestamp NOT NULL, "updated_at" timestamp NOT NULL, "cost" integer, "deadline" date, "currency_id" integer) 
D, [2015-03-31T11:09:00.660893 #4982] DEBUG -- :   [1m[36m (10.5ms)[0m  [1mCREATE TABLE "users" ("id" serial primary key, "email" character varying DEFAULT '' NOT NULL, "encrypted_password" character varying DEFAULT '' NOT NULL, "reset_password_token" character varying, "reset_password_sent_at" timestamp, "remember_created_at" timestamp, "sign_in_count" integer DEFAULT 0 NOT NULL, "current_sign_in_at" timestamp, "last_sign_in_at" timestamp, "current_sign_in_ip" character varying, "last_sign_in_ip" character varying, "created_at" timestamp, "updated_at" timestamp, "firstname" character varying, "lastname" character varying, "address" character varying, "location" character varying, "company_id" integer, "manager" boolean DEFAULT 'f', "company_admin" boolean DEFAULT 'f', "department" character varying, "mobile" character varying, "phone" character varying, "confirmation_token" character varying, "confirmed_at" timestamp, "confirmation_sent_at" timestamp, "unconfirmed_email" character varying, "admin" boolean DEFAULT 'f' NOT NULL, "contact_person" character varying) [0m
D, [2015-03-31T11:09:00.667906 #4982] DEBUG -- :   [1m[35m (3.3ms)[0m  CREATE UNIQUE INDEX  "index_users_on_confirmation_token" ON "users" USING btree ("confirmation_token")
D, [2015-03-31T11:09:00.671576 #4982] DEBUG -- :   [1m[36m (1.2ms)[0m  [1mCREATE UNIQUE INDEX  "index_users_on_email" ON "users" USING btree ("email")[0m
D, [2015-03-31T11:09:00.675005 #4982] DEBUG -- :   [1m[35m (1.1ms)[0m  CREATE UNIQUE INDEX  "index_users_on_reset_password_token" ON "users" USING btree ("reset_password_token")
D, [2015-03-31T11:09:00.681852 #4982] DEBUG -- :   [1m[36m (4.0ms)[0m  [1mCREATE TABLE "schema_migrations" ("version" character varying NOT NULL) [0m
D, [2015-03-31T11:09:00.686781 #4982] DEBUG -- :   [1m[35m (1.0ms)[0m  CREATE UNIQUE INDEX  "unique_schema_migrations" ON "schema_migrations"  ("version")
D, [2015-03-31T11:09:00.687458 #4982] DEBUG -- :   [1m[36m (0.4ms)[0m  [1mSELECT version FROM "schema_migrations"[0m
D, [2015-03-31T11:09:00.688297 #4982] DEBUG -- :   [1m[35m (0.5ms)[0m  INSERT INTO "schema_migrations" (version) VALUES ('20150330142022')
D, [2015-03-31T11:09:00.688867 #4982] DEBUG -- :   [1m[36m (0.4ms)[0m  [1mINSERT INTO "schema_migrations" (version) VALUES ('20150210184004')[0m
D, [2015-03-31T11:09:00.689495 #4982] DEBUG -- :   [1m[35m (0.4ms)[0m  INSERT INTO "schema_migrations" (version) VALUES ('20150210185428')
D, [2015-03-31T11:09:00.690171 #4982] DEBUG -- :   [1m[36m (0.5ms)[0m  [1mINSERT INTO "schema_migrations" (version) VALUES ('20150210211453')[0m
D, [2015-03-31T11:09:00.690709 #4982] DEBUG -- :   [1m[35m (0.4ms)[0m  INSERT INTO "schema_migrations" (version) VALUES ('20150210211855')
D, [2015-03-31T11:09:00.691167 #4982] DEBUG -- :   [1m[36m (0.4ms)[0m  [1mINSERT INTO "schema_migrations" (version) VALUES ('20150211100343')[0m
D, [2015-03-31T11:09:00.691581 #4982] DEBUG -- :   [1m[35m (0.3ms)[0m  INSERT INTO "schema_migrations" (version) VALUES ('20150211112212')
D, [2015-03-31T11:09:00.691981 #4982] DEBUG -- :   [1m[36m (0.3ms)[0m  [1mINSERT INTO "schema_migrations" (version) VALUES ('20150211145210')[0m
D, [2015-03-31T11:09:00.692349 #4982] DEBUG -- :   [1m[35m (0.3ms)[0m  INSERT INTO "schema_migrations" (version) VALUES ('20150219110952')
D, [2015-03-31T11:09:00.692751 #4982] DEBUG -- :   [1m[36m (0.3ms)[0m  [1mINSERT INTO "schema_migrations" (version) VALUES ('20150219112133')[0m
D, [2015-03-31T11:09:00.693103 #4982] DEBUG -- :   [1m[35m (0.3ms)[0m  INSERT INTO "schema_migrations" (version) VALUES ('20150219153917')
D, [2015-03-31T11:09:00.693479 #4982] DEBUG -- :   [1m[36m (0.3ms)[0m  [1mINSERT INTO "schema_migrations" (version) VALUES ('20150220105832')[0m
D, [2015-03-31T11:09:00.693799 #4982] DEBUG -- :   [1m[35m (0.2ms)[0m  INSERT INTO "schema_migrations" (version) VALUES ('20150220124441')
D, [2015-03-31T11:09:00.694168 #4982] DEBUG -- :   [1m[36m (0.3ms)[0m  [1mINSERT INTO "schema_migrations" (version) VALUES ('20150223090536')[0m
D, [2015-03-31T11:09:00.694501 #4982] DEBUG -- :   [1m[35m (0.3ms)[0m  INSERT INTO "schema_migrations" (version) VALUES ('20150223123228')
D, [2015-03-31T11:09:00.694870 #4982] DEBUG -- :   [1m[36m (0.3ms)[0m  [1mINSERT INTO "schema_migrations" (version) VALUES ('20150225150634')[0m
D, [2015-03-31T11:09:00.695249 #4982] DEBUG -- :   [1m[35m (0.3ms)[0m  INSERT INTO "schema_migrations" (version) VALUES ('20150225151214')
D, [2015-03-31T11:09:00.695682 #4982] DEBUG -- :   [1m[36m (0.3ms)[0m  [1mINSERT INTO "schema_migrations" (version) VALUES ('20150302105917')[0m
D, [2015-03-31T11:09:00.696066 #4982] DEBUG -- :   [1m[35m (0.3ms)[0m  INSERT INTO "schema_migrations" (version) VALUES ('20150302172610')
D, [2015-03-31T11:09:00.696466 #4982] DEBUG -- :   [1m[36m (0.3ms)[0m  [1mINSERT INTO "schema_migrations" (version) VALUES ('20150303090921')[0m
D, [2015-03-31T11:09:00.696923 #4982] DEBUG -- :   [1m[35m (0.4ms)[0m  INSERT INTO "schema_migrations" (version) VALUES ('20150303110634')
D, [2015-03-31T11:09:00.697388 #4982] DEBUG -- :   [1m[36m (0.3ms)[0m  [1mINSERT INTO "schema_migrations" (version) VALUES ('20150303111011')[0m
D, [2015-03-31T11:09:00.697834 #4982] DEBUG -- :   [1m[35m (0.3ms)[0m  INSERT INTO "schema_migrations" (version) VALUES ('20150303155338')
D, [2015-03-31T11:09:00.698251 #4982] DEBUG -- :   [1m[36m (0.3ms)[0m  [1mINSERT INTO "schema_migrations" (version) VALUES ('20150305090613')[0m
D, [2015-03-31T11:09:00.698683 #4982] DEBUG -- :   [1m[35m (0.3ms)[0m  INSERT INTO "schema_migrations" (version) VALUES ('20150305090840')
D, [2015-03-31T11:09:00.699060 #4982] DEBUG -- :   [1m[36m (0.3ms)[0m  [1mINSERT INTO "schema_migrations" (version) VALUES ('20150309102515')[0m
D, [2015-03-31T11:09:00.699521 #4982] DEBUG -- :   [1m[35m (0.4ms)[0m  INSERT INTO "schema_migrations" (version) VALUES ('20150309114054')
D, [2015-03-31T11:09:00.699922 #4982] DEBUG -- :   [1m[36m (0.3ms)[0m  [1mINSERT INTO "schema_migrations" (version) VALUES ('20150309153235')[0m
D, [2015-03-31T11:09:00.700345 #4982] DEBUG -- :   [1m[35m (0.3ms)[0m  INSERT INTO "schema_migrations" (version) VALUES ('20150309161454')
D, [2015-03-31T11:09:00.700733 #4982] DEBUG -- :   [1m[36m (0.3ms)[0m  [1mINSERT INTO "schema_migrations" (version) VALUES ('20150310114528')[0m
D, [2015-03-31T11:09:00.701178 #4982] DEBUG -- :   [1m[35m (0.3ms)[0m  INSERT INTO "schema_migrations" (version) VALUES ('20150310121248')
D, [2015-03-31T11:09:00.701545 #4982] DEBUG -- :   [1m[36m (0.3ms)[0m  [1mINSERT INTO "schema_migrations" (version) VALUES ('20150311103059')[0m
D, [2015-03-31T11:09:00.701949 #4982] DEBUG -- :   [1m[35m (0.3ms)[0m  INSERT INTO "schema_migrations" (version) VALUES ('20150311143916')
D, [2015-03-31T11:09:00.702290 #4982] DEBUG -- :   [1m[36m (0.3ms)[0m  [1mINSERT INTO "schema_migrations" (version) VALUES ('20150323094831')[0m
D, [2015-03-31T11:09:00.702664 #4982] DEBUG -- :   [1m[35m (0.3ms)[0m  INSERT INTO "schema_migrations" (version) VALUES ('20150323110329')
D, [2015-03-31T11:09:00.703028 #4982] DEBUG -- :   [1m[36m (0.3ms)[0m  [1mINSERT INTO "schema_migrations" (version) VALUES ('20150323142133')[0m
D, [2015-03-31T11:09:00.703452 #4982] DEBUG -- :   [1m[35m (0.3ms)[0m  INSERT INTO "schema_migrations" (version) VALUES ('20150330084736')
D, [2015-03-31T11:09:00.703790 #4982] DEBUG -- :   [1m[36m (0.3ms)[0m  [1mINSERT INTO "schema_migrations" (version) VALUES ('20150330084912')[0m
D, [2015-03-31T11:09:00.704170 #4982] DEBUG -- :   [1m[35m (0.3ms)[0m  INSERT INTO "schema_migrations" (version) VALUES ('20150330090638')
D, [2015-03-31T11:09:00.704496 #4982] DEBUG -- :   [1m[36m (0.3ms)[0m  [1mINSERT INTO "schema_migrations" (version) VALUES ('20150330140808')[0m
D, [2015-03-31T11:09:00.704877 #4982] DEBUG -- :   [1m[35m (0.3ms)[0m  INSERT INTO "schema_migrations" (version) VALUES ('20150330140934')
D, [2015-03-31T11:09:00.705281 #4982] DEBUG -- :   [1m[36m (0.3ms)[0m  [1mINSERT INTO "schema_migrations" (version) VALUES ('20150330141608')[0m
D, [2015-03-31T11:09:00.705649 #4982] DEBUG -- :   [1m[35m (0.3ms)[0m  INSERT INTO "schema_migrations" (version) VALUES ('20150330141921')
I, [2015-03-31T11:09:11.191015 #4988]  INFO -- : Started GET "/" for ::1 at 2015-03-31 11:09:11 +0200
I, [2015-03-31T11:09:11.232473 #4988]  INFO -- : Started GET "/projects" for ::1 at 2015-03-31 11:09:11 +0200
I, [2015-03-31T11:09:11.234653 #4988]  INFO -- : Processing by ProjectsController#index as HTML
I, [2015-03-31T11:09:11.260914 #4988]  INFO -- : Completed 401 Unauthorized in 26ms
I, [2015-03-31T11:09:11.283017 #4988]  INFO -- : Started GET "/users/sign_in" for ::1 at 2015-03-31 11:09:11 +0200
I, [2015-03-31T11:09:11.286182 #4988]  INFO -- : Processing by Devise::SessionsController#new as HTML
I, [2015-03-31T11:09:11.383766 #4988]  INFO -- :   Rendered users/shared/_links.html.erb (8.9ms)
I, [2015-03-31T11:09:11.383895 #4988]  INFO -- :   Rendered users/sessions/new.html.erb within layouts/application (18.2ms)
I, [2015-03-31T11:09:11.387309 #4988]  INFO -- : Completed 200 OK in 101ms (Views: 25.9ms | ActiveRecord: 13.2ms)
I, [2015-03-31T11:09:17.458545 #4988]  INFO -- : Started GET "/users/sign_up" for ::1 at 2015-03-31 11:09:17 +0200
I, [2015-03-31T11:09:17.461092 #4988]  INFO -- : Processing by RegistrationsController#new as HTML
I, [2015-03-31T11:09:17.478768 #4988]  INFO -- :   Rendered users/shared/_links.html.erb (4.8ms)
I, [2015-03-31T11:09:17.478895 #4988]  INFO -- :   Rendered users/registrations/new.html.erb within layouts/application (13.4ms)
I, [2015-03-31T11:09:17.480350 #4988]  INFO -- : Completed 200 OK in 19ms (Views: 18.0ms | ActiveRecord: 0.0ms)
I, [2015-03-31T11:09:44.666267 #4988]  INFO -- : Started POST "/users" for ::1 at 2015-03-31 11:09:44 +0200
I, [2015-03-31T11:09:44.667737 #4988]  INFO -- : Processing by RegistrationsController#create as HTML
I, [2015-03-31T11:09:44.667815 #4988]  INFO -- :   Parameters: {"utf8"=>"✓", "authenticity_token"=>"TbAc3r3MIbBAmbRx5uyZ0uFvQV2OQYJV1SYAuo+8BVVJ4507o7DkFlccfChQS5hWqk5ZOc/FQ+m5zdVqyk80wQ==", "user"=>{"firstname"=>"ijnij", "lastname"=>"kjn", "department"=>"kjn", "email"=>"nicolas.pirotte@gmail.com", "phone"=>"6785", "mobile"=>"6785", "address"=>"bhj", "location"=>"bhj", "contact_person"=>"", "password"=>"[FILTERED]", "password_confirmation"=>"[FILTERED]"}, "commit"=>"Sign up"}
D, [2015-03-31T11:09:44.746780 #4988] DEBUG -- :   [1m[36m (0.2ms)[0m  [1mBEGIN[0m
D, [2015-03-31T11:09:44.756964 #4988] DEBUG -- :   [1m[35mUser Exists (3.3ms)[0m  SELECT  1 AS one FROM "users" WHERE "users"."email" = 'nicolas.pirotte@gmail.com' LIMIT 1
D, [2015-03-31T11:09:45.301327 #4988] DEBUG -- :   [1m[36mUser Load (0.5ms)[0m  [1mSELECT  "users".* FROM "users" WHERE "users"."confirmation_token" = $1  ORDER BY "users"."id" ASC LIMIT 1[0m  [["confirmation_token", "db40506a22e5690ee7fbf8746fb36d7f4c8b3d580d89bd3ecdae26f7590f383a"]]
D, [2015-03-31T11:09:45.303569 #4988] DEBUG -- :   [1m[35mSQL (0.5ms)[0m  INSERT INTO "users" ("firstname", "lastname", "department", "mobile", "contact_person", "address", "location", "phone", "email", "encrypted_password", "created_at", "updated_at", "confirmation_token", "confirmation_sent_at") VALUES ($1, $2, $3, $4, $5, $6, $7, $8, $9, $10, $11, $12, $13, $14) RETURNING "id"  [["firstname", "ijnij"], ["lastname", "kjn"], ["department", "kjn"], ["mobile", "6785"], ["contact_person", ""], ["address", "bhj"], ["location", "bhj"], ["phone", "6785"], ["email", "nicolas.pirotte@gmail.com"], ["encrypted_password", "$2a$10$4ZbtkuoDtBeu81/KeUzKYuIbbTlRFPjm4f0H6rA.BkpqpWbRP2tuO"], ["created_at", "2015-03-31 09:09:44.757666"], ["updated_at", "2015-03-31 09:09:44.757666"], ["confirmation_token", "db40506a22e5690ee7fbf8746fb36d7f4c8b3d580d89bd3ecdae26f7590f383a"], ["confirmation_sent_at", "2015-03-31 09:09:45.301990"]]
I, [2015-03-31T11:09:45.320113 #4988]  INFO -- :   Rendered users/mailer/confirmation_instructions.html.erb (4.8ms)
D, [2015-03-31T11:09:45.320226 #4988] DEBUG -- : 
Devise::Mailer#confirmation_instructions: processed outbound mail in 13.3ms
D, [2015-03-31T11:09:45.320588 #4988] DEBUG -- :   [1m[36m (0.2ms)[0m  [1mROLLBACK[0m
I, [2015-03-31T11:09:45.330455 #4988]  INFO -- : Completed 500 Internal Server Error in 663ms
F, [2015-03-31T11:09:45.333002 #4988] FATAL -- : 
ActionView::Template::Error (Missing host to link to! Please provide the :host parameter, set default_url_options[:host], or set :only_path to true):
    2: 
    3: <p>You can confirm your account email through the link below:</p>
    4: 
    5: <p><%= link_to 'Confirm my account', confirmation_url(@resource, confirmation_token: @token) %></p>
  app/views/users/mailer/confirmation_instructions.html.erb:5:in `_app_views_users_mailer_confirmation_instructions_html_erb___2463006021271379676_70351392010380'
  app/controllers/registrations_controller.rb:4:in `create'


I, [2015-03-31T11:19:54.715658 #5142]  INFO -- : Started GET "/" for ::1 at 2015-03-31 11:19:54 +0200
I, [2015-03-31T11:19:54.749403 #5142]  INFO -- : Started GET "/projects" for ::1 at 2015-03-31 11:19:54 +0200
I, [2015-03-31T11:19:54.751754 #5142]  INFO -- : Processing by ProjectsController#index as HTML
I, [2015-03-31T11:19:54.775218 #5142]  INFO -- : Completed 401 Unauthorized in 23ms
I, [2015-03-31T11:19:54.795409 #5142]  INFO -- : Started GET "/users/sign_in" for ::1 at 2015-03-31 11:19:54 +0200
I, [2015-03-31T11:19:54.798036 #5142]  INFO -- : Processing by Devise::SessionsController#new as HTML
I, [2015-03-31T11:19:54.887570 #5142]  INFO -- :   Rendered users/shared/_links.html.erb (11.4ms)
I, [2015-03-31T11:19:54.887691 #5142]  INFO -- :   Rendered users/sessions/new.html.erb within layouts/application (20.3ms)
I, [2015-03-31T11:19:54.890003 #5142]  INFO -- : Completed 200 OK in 92ms (Views: 26.3ms | ActiveRecord: 6.2ms)
I, [2015-03-31T11:19:57.957599 #5142]  INFO -- : Started GET "/users/sign_up" for ::1 at 2015-03-31 11:19:57 +0200
I, [2015-03-31T11:19:57.960095 #5142]  INFO -- : Processing by RegistrationsController#new as HTML
I, [2015-03-31T11:19:57.981404 #5142]  INFO -- :   Rendered users/shared/_links.html.erb (6.4ms)
I, [2015-03-31T11:19:57.981533 #5142]  INFO -- :   Rendered users/registrations/new.html.erb within layouts/application (15.9ms)
I, [2015-03-31T11:19:57.982923 #5142]  INFO -- : Completed 200 OK in 23ms (Views: 21.7ms | ActiveRecord: 0.0ms)
I, [2015-03-31T11:20:13.202108 #5142]  INFO -- : Started POST "/users" for ::1 at 2015-03-31 11:20:13 +0200
I, [2015-03-31T11:20:13.203543 #5142]  INFO -- : Processing by RegistrationsController#create as HTML
I, [2015-03-31T11:20:13.203647 #5142]  INFO -- :   Parameters: {"utf8"=>"✓", "authenticity_token"=>"/8LeLwrm4EGCOnS6NKTy6uem16MbBrT6OQGGnykBP877kV/KFJol55W/vOOCA/NurIfPx1qCdUZV6lNPbPIOWg==", "user"=>{"firstname"=>"zfe", "lastname"=>"fez", "department"=>"fze", "email"=>"nicolas.pirotte@gmail.com", "phone"=>"675", "mobile"=>"6785", "address"=>"ghghv", "location"=>"gvh", "contact_person"=>"", "password"=>"[FILTERED]", "password_confirmation"=>"[FILTERED]"}, "commit"=>"Sign up"}
D, [2015-03-31T11:20:13.280726 #5142] DEBUG -- :   [1m[36m (0.1ms)[0m  [1mBEGIN[0m
D, [2015-03-31T11:20:13.287877 #5142] DEBUG -- :   [1m[35mUser Exists (1.3ms)[0m  SELECT  1 AS one FROM "users" WHERE "users"."email" = 'nicolas.pirotte@gmail.com' LIMIT 1
D, [2015-03-31T11:20:13.839942 #5142] DEBUG -- :   [1m[36mUser Load (0.5ms)[0m  [1mSELECT  "users".* FROM "users" WHERE "users"."confirmation_token" = $1  ORDER BY "users"."id" ASC LIMIT 1[0m  [["confirmation_token", "affd5c19f8af50d00129896111ba138d8d79fc15fdc45171c70fb10873ff682f"]]
D, [2015-03-31T11:20:13.842539 #5142] DEBUG -- :   [1m[35mSQL (0.5ms)[0m  INSERT INTO "users" ("firstname", "lastname", "department", "mobile", "contact_person", "address", "location", "phone", "email", "encrypted_password", "created_at", "updated_at", "confirmation_token", "confirmation_sent_at") VALUES ($1, $2, $3, $4, $5, $6, $7, $8, $9, $10, $11, $12, $13, $14) RETURNING "id"  [["firstname", "zfe"], ["lastname", "fez"], ["department", "fze"], ["mobile", "6785"], ["contact_person", ""], ["address", "ghghv"], ["location", "gvh"], ["phone", "675"], ["email", "nicolas.pirotte@gmail.com"], ["encrypted_password", "$2a$10$a17XQuhdjYs0.Wde.NQUdu9LZ00.AjpJM2FB1MH.Po5eyEVVos49u"], ["created_at", "2015-03-31 09:20:13.288535"], ["updated_at", "2015-03-31 09:20:13.288535"], ["confirmation_token", "affd5c19f8af50d00129896111ba138d8d79fc15fdc45171c70fb10873ff682f"], ["confirmation_sent_at", "2015-03-31 09:20:13.840695"]]
I, [2015-03-31T11:20:13.859406 #5142]  INFO -- :   Rendered users/mailer/confirmation_instructions.html.erb (5.6ms)
D, [2015-03-31T11:20:14.047253 #5142] DEBUG -- : 
Devise::Mailer#confirmation_instructions: processed outbound mail in 201.4ms
I, [2015-03-31T11:20:16.616747 #5142]  INFO -- : 
Sent mail to nicolas.pirotte@gmail.com (2569.3ms)
D, [2015-03-31T11:20:16.616851 #5142] DEBUG -- : Date: Tue, 31 Mar 2015 11:20:14 +0200
From: novalins.notifications@gmail.com
Reply-To: novalins.notifications@gmail.com
To: nicolas.pirotte@gmail.com
Message-ID: <551a66cec733_14163fcde8485a087365@MacBook-Pro-de-Nicolas-2.local.mail>
Subject: Confirmation instructions
Mime-Version: 1.0
Content-Type: text/html;
 charset=UTF-8
Content-Transfer-Encoding: 7bit

<p>Welcome nicolas.pirotte@gmail.com!</p>

<p>You can confirm your account email through the link below:</p>

<p><a href="http://novalins.heroku.com/users/confirmation?confirmation_token=cFnSLaQzwg-mn6ymutg1">Confirm my account</a></p>

D, [2015-03-31T11:20:16.619051 #5142] DEBUG -- :   [1m[36m (1.2ms)[0m  [1mCOMMIT[0m
I, [2015-03-31T11:20:16.623899 #5142]  INFO -- : Redirected to http://localhost:3000/users/sign_in
D, [2015-03-31T11:20:16.628744 #5142] DEBUG -- :   [1m[35m (0.9ms)[0m  SELECT COUNT(*) FROM "invitations" WHERE "invitations"."email" = $1  [["email", "nicolas.pirotte@gmail.com"]]
I, [2015-03-31T11:20:16.629261 #5142]  INFO -- : Completed 302 Found in 3426ms (ActiveRecord: 6.0ms)
I, [2015-03-31T11:20:16.636442 #5142]  INFO -- : Started GET "/users/sign_in" for ::1 at 2015-03-31 11:20:16 +0200
I, [2015-03-31T11:20:16.637563 #5142]  INFO -- : Processing by Devise::SessionsController#new as HTML
I, [2015-03-31T11:20:16.647399 #5142]  INFO -- :   Rendered users/shared/_links.html.erb (4.6ms)
I, [2015-03-31T11:20:16.647526 #5142]  INFO -- :   Rendered users/sessions/new.html.erb within layouts/application (8.5ms)
I, [2015-03-31T11:20:16.649060 #5142]  INFO -- : Completed 200 OK in 11ms (Views: 10.2ms | ActiveRecord: 0.0ms)
I, [2015-03-31T11:28:17.871770 #5252]  INFO -- : Started GET "/users/sign_in" for ::1 at 2015-03-31 11:28:17 +0200
I, [2015-03-31T11:28:17.904103 #5252]  INFO -- : Processing by Devise::SessionsController#new as HTML
I, [2015-03-31T11:28:18.033462 #5252]  INFO -- :   Rendered users/shared/_links.html.erb (11.8ms)
I, [2015-03-31T11:28:18.033588 #5252]  INFO -- :   Rendered users/sessions/new.html.erb within layouts/application (68.5ms)
I, [2015-03-31T11:28:18.036218 #5252]  INFO -- : Completed 200 OK in 132ms (Views: 76.1ms | ActiveRecord: 7.3ms)
I, [2015-03-31T11:41:13.106861 #5252]  INFO -- : Started GET "/users/sign_in" for ::1 at 2015-03-31 11:41:13 +0200
I, [2015-03-31T11:41:13.108939 #5252]  INFO -- : Processing by Devise::SessionsController#new as HTML
I, [2015-03-31T11:41:13.126879 #5252]  INFO -- :   Rendered users/shared/_links.html.erb (11.4ms)
I, [2015-03-31T11:41:13.127057 #5252]  INFO -- :   Rendered users/sessions/new.html.erb within layouts/application (16.5ms)
I, [2015-03-31T11:41:13.130308 #5252]  INFO -- : Completed 200 OK in 21ms (Views: 19.9ms | ActiveRecord: 0.0ms)
I, [2015-03-31T11:52:05.229512 #5476]  INFO -- : Started GET "/users/sign_in" for ::1 at 2015-03-31 11:52:05 +0200
I, [2015-03-31T11:52:05.262006 #5476]  INFO -- : Processing by Devise::SessionsController#new as HTML
I, [2015-03-31T11:52:05.392969 #5476]  INFO -- :   Rendered users/shared/_links.html.erb (11.7ms)
I, [2015-03-31T11:52:05.393109 #5476]  INFO -- :   Rendered users/sessions/new.html.erb within layouts/application (68.3ms)
I, [2015-03-31T11:52:05.395844 #5476]  INFO -- : Completed 200 OK in 134ms (Views: 75.8ms | ActiveRecord: 6.5ms)
I, [2015-03-31T11:52:14.528445 #5476]  INFO -- : Started POST "/users/sign_in" for ::1 at 2015-03-31 11:52:14 +0200
I, [2015-03-31T11:52:14.529931 #5476]  INFO -- : Processing by Devise::SessionsController#create as HTML
I, [2015-03-31T11:52:14.530012 #5476]  INFO -- :   Parameters: {"utf8"=>"✓", "authenticity_token"=>"3qCeCz3rUS72vRDLOs/t6BKhOtqNFZjfcFkKx1LRsfXa8x/uI5eUiOE42JKMaOxsWYAivsyRWWMcst8XFyKAYQ==", "user"=>{"email"=>"npirotte7@gmail.com", "password"=>"[FILTERED]", "remember_me"=>"0"}, "commit"=>"Log in"}
D, [2015-03-31T11:52:14.536990 #5476] DEBUG -- :   [1m[36mUser Load (0.8ms)[0m  [1mSELECT  "users".* FROM "users" WHERE "users"."email" = $1  ORDER BY "users"."id" ASC LIMIT 1[0m  [["email", "npirotte7@gmail.com"]]
I, [2015-03-31T11:52:14.537471 #5476]  INFO -- : Completed 401 Unauthorized in 7ms
I, [2015-03-31T11:52:14.539523 #5476]  INFO -- : Processing by Devise::SessionsController#new as HTML
I, [2015-03-31T11:52:14.539615 #5476]  INFO -- :   Parameters: {"utf8"=>"✓", "authenticity_token"=>"3qCeCz3rUS72vRDLOs/t6BKhOtqNFZjfcFkKx1LRsfXa8x/uI5eUiOE42JKMaOxsWYAivsyRWWMcst8XFyKAYQ==", "user"=>{"email"=>"npirotte7@gmail.com", "password"=>"[FILTERED]", "remember_me"=>"0"}, "commit"=>"Log in"}
I, [2015-03-31T11:52:14.630023 #5476]  INFO -- :   Rendered users/shared/_links.html.erb (4.9ms)
I, [2015-03-31T11:52:14.630152 #5476]  INFO -- :   Rendered users/sessions/new.html.erb within layouts/application (9.8ms)
I, [2015-03-31T11:52:14.631434 #5476]  INFO -- : Completed 200 OK in 92ms (Views: 11.3ms | ActiveRecord: 0.0ms)
I, [2015-03-31T11:52:22.771283 #5476]  INFO -- : Started GET "/users/confirmation?confirmation_token=xAUQFxenn3g2GNqHoBty" for ::1 at 2015-03-31 11:52:22 +0200
I, [2015-03-31T11:52:22.775914 #5476]  INFO -- : Processing by Devise::ConfirmationsController#show as HTML
I, [2015-03-31T11:52:22.776005 #5476]  INFO -- :   Parameters: {"confirmation_token"=>"xAUQFxenn3g2GNqHoBty"}
D, [2015-03-31T11:52:23.350473 #5476] DEBUG -- :   [1m[35mUser Load (0.5ms)[0m  SELECT  "users".* FROM "users" WHERE "users"."confirmation_token" = $1  ORDER BY "users"."id" ASC LIMIT 1  [["confirmation_token", "521b119a3a82c1e9d470f6359834f207f3aecd78bfab4b622d5d1f013e260a33"]]
I, [2015-03-31T11:52:23.371256 #5476]  INFO -- :   Rendered users/shared/_links.html.erb (7.2ms)
I, [2015-03-31T11:52:23.371383 #5476]  INFO -- :   Rendered users/confirmations/new.html.erb within layouts/application (14.7ms)
I, [2015-03-31T11:52:23.372782 #5476]  INFO -- : Completed 200 OK in 597ms (Views: 20.4ms | ActiveRecord: 0.5ms)
I, [2015-03-31T11:52:50.958058 #5476]  INFO -- : Started GET "/pages/info" for ::1 at 2015-03-31 11:52:50 +0200
I, [2015-03-31T11:52:50.960635 #5476]  INFO -- : Processing by PagesController#info as HTML
I, [2015-03-31T11:52:50.961371 #5476]  INFO -- : Completed 401 Unauthorized in 1ms
I, [2015-03-31T11:52:50.972902 #5476]  INFO -- : Started GET "/users/sign_in" for ::1 at 2015-03-31 11:52:50 +0200
I, [2015-03-31T11:52:50.973935 #5476]  INFO -- : Processing by Devise::SessionsController#new as HTML
I, [2015-03-31T11:52:50.984219 #5476]  INFO -- :   Rendered users/shared/_links.html.erb (5.1ms)
I, [2015-03-31T11:52:50.984343 #5476]  INFO -- :   Rendered users/sessions/new.html.erb within layouts/application (9.0ms)
I, [2015-03-31T11:52:50.986792 #5476]  INFO -- : Completed 200 OK in 13ms (Views: 11.6ms | ActiveRecord: 0.0ms)
I, [2015-03-31T11:52:59.267646 #5476]  INFO -- : Started POST "/users/sign_in" for ::1 at 2015-03-31 11:52:59 +0200
I, [2015-03-31T11:52:59.269064 #5476]  INFO -- : Processing by Devise::SessionsController#create as HTML
I, [2015-03-31T11:52:59.269140 #5476]  INFO -- :   Parameters: {"utf8"=>"✓", "authenticity_token"=>"11xJyqfcboBE5cGyzJ13AGFS0cQg6xuXVwdIVtY3sMbTD8gvuaCrJlNgCet6OnaEKnPJoGFv2is77J2Gk8SBUg==", "user"=>{"email"=>"npirotte7@gmail.com", "password"=>"[FILTERED]", "remember_me"=>"0"}, "commit"=>"Log in"}
D, [2015-03-31T11:52:59.271904 #5476] DEBUG -- :   [1m[36mUser Load (0.6ms)[0m  [1mSELECT  "users".* FROM "users" WHERE "users"."email" = $1  ORDER BY "users"."id" ASC LIMIT 1[0m  [["email", "npirotte7@gmail.com"]]
I, [2015-03-31T11:52:59.272373 #5476]  INFO -- : Completed 401 Unauthorized in 3ms
I, [2015-03-31T11:52:59.273473 #5476]  INFO -- : Processing by Devise::SessionsController#new as HTML
I, [2015-03-31T11:52:59.273571 #5476]  INFO -- :   Parameters: {"utf8"=>"✓", "authenticity_token"=>"11xJyqfcboBE5cGyzJ13AGFS0cQg6xuXVwdIVtY3sMbTD8gvuaCrJlNgCet6OnaEKnPJoGFv2is77J2Gk8SBUg==", "user"=>{"email"=>"npirotte7@gmail.com", "password"=>"[FILTERED]", "remember_me"=>"0"}, "commit"=>"Log in"}
I, [2015-03-31T11:52:59.408597 #5476]  INFO -- :   Rendered users/shared/_links.html.erb (8.1ms)
I, [2015-03-31T11:52:59.408765 #5476]  INFO -- :   Rendered users/sessions/new.html.erb within layouts/application (55.1ms)
I, [2015-03-31T11:52:59.410300 #5476]  INFO -- : Completed 200 OK in 137ms (Views: 56.9ms | ActiveRecord: 0.0ms)
I, [2015-03-31T11:53:08.109257 #5476]  INFO -- : Started POST "/users/sign_in" for ::1 at 2015-03-31 11:53:08 +0200
I, [2015-03-31T11:53:08.110580 #5476]  INFO -- : Processing by Devise::SessionsController#create as HTML
I, [2015-03-31T11:53:08.110654 #5476]  INFO -- :   Parameters: {"utf8"=>"✓", "authenticity_token"=>"CIT5lEmy4W6bRRmIFJpg8o+YdNpjXfsTWzaUHUOeU4QM13hxV84kyIzA0dGiPWF2xLlsviLZOq833UHNBm1iEA==", "user"=>{"email"=>"nicolas.pirotte@gmail.com", "password"=>"[FILTERED]", "remember_me"=>"0"}, "commit"=>"Log in"}
D, [2015-03-31T11:53:08.113175 #5476] DEBUG -- :   [1m[35mUser Load (0.7ms)[0m  SELECT  "users".* FROM "users" WHERE "users"."email" = $1  ORDER BY "users"."id" ASC LIMIT 1  [["email", "nicolas.pirotte@gmail.com"]]
D, [2015-03-31T11:53:08.202449 #5476] DEBUG -- :   [1m[36m (0.2ms)[0m  [1mBEGIN[0m
D, [2015-03-31T11:53:08.203425 #5476] DEBUG -- :   [1m[35m (0.1ms)[0m  COMMIT
I, [2015-03-31T11:53:08.203639 #5476]  INFO -- : Completed 401 Unauthorized in 93ms
I, [2015-03-31T11:53:08.213026 #5476]  INFO -- : Started GET "/users/sign_in" for ::1 at 2015-03-31 11:53:08 +0200
I, [2015-03-31T11:53:08.214162 #5476]  INFO -- : Processing by Devise::SessionsController#new as HTML
I, [2015-03-31T11:53:08.224378 #5476]  INFO -- :   Rendered users/shared/_links.html.erb (5.0ms)
I, [2015-03-31T11:53:08.224677 #5476]  INFO -- :   Rendered users/sessions/new.html.erb within layouts/application (8.9ms)
I, [2015-03-31T11:53:08.226685 #5476]  INFO -- : Completed 200 OK in 12ms (Views: 11.2ms | ActiveRecord: 0.0ms)
I, [2015-03-31T11:53:14.567127 #5476]  INFO -- : Started GET "/users/confirmation?confirmation_token=GdzKaUy5zoUbxiJB3Mpc" for ::1 at 2015-03-31 11:53:14 +0200
I, [2015-03-31T11:53:14.570886 #5476]  INFO -- : Processing by Devise::ConfirmationsController#show as HTML
I, [2015-03-31T11:53:14.571054 #5476]  INFO -- :   Parameters: {"confirmation_token"=>"GdzKaUy5zoUbxiJB3Mpc"}
D, [2015-03-31T11:53:14.574334 #5476] DEBUG -- :   [1m[36mUser Load (0.7ms)[0m  [1mSELECT  "users".* FROM "users" WHERE "users"."confirmation_token" = $1  ORDER BY "users"."id" ASC LIMIT 1[0m  [["confirmation_token", "af12058481d348e1600a9e71c347ec6c9ad19bb6174976609107dd73722570af"]]
I, [2015-03-31T11:53:14.594913 #5476]  INFO -- :   Rendered users/shared/_links.html.erb (8.7ms)
I, [2015-03-31T11:53:14.595059 #5476]  INFO -- :   Rendered users/confirmations/new.html.erb within layouts/application (16.8ms)
I, [2015-03-31T11:53:14.597134 #5476]  INFO -- : Completed 200 OK in 26ms (Views: 19.3ms | ActiveRecord: 0.7ms)
I, [2015-03-31T11:58:18.658385 #5476]  INFO -- : Started GET "/users/sign_in" for ::1 at 2015-03-31 11:58:18 +0200
I, [2015-03-31T11:58:18.660470 #5476]  INFO -- : Processing by Devise::SessionsController#new as HTML
I, [2015-03-31T11:58:18.673555 #5476]  INFO -- :   Rendered users/shared/_links.html.erb (6.7ms)
I, [2015-03-31T11:58:18.673687 #5476]  INFO -- :   Rendered users/sessions/new.html.erb within layouts/application (11.3ms)
I, [2015-03-31T11:58:18.675044 #5476]  INFO -- : Completed 200 OK in 14ms (Views: 12.9ms | ActiveRecord: 0.0ms)
I, [2015-03-31T11:58:21.438304 #5476]  INFO -- : Started GET "/users/sign_in" for ::1 at 2015-03-31 11:58:21 +0200
I, [2015-03-31T11:58:21.439529 #5476]  INFO -- : Processing by Devise::SessionsController#new as HTML
I, [2015-03-31T11:58:21.449620 #5476]  INFO -- :   Rendered users/shared/_links.html.erb (4.9ms)
I, [2015-03-31T11:58:21.449792 #5476]  INFO -- :   Rendered users/sessions/new.html.erb within layouts/application (8.7ms)
I, [2015-03-31T11:58:21.451318 #5476]  INFO -- : Completed 200 OK in 12ms (Views: 10.5ms | ActiveRecord: 0.0ms)
I, [2015-03-31T11:58:27.853777 #5476]  INFO -- : Started GET "/projects" for ::1 at 2015-03-31 11:58:27 +0200
I, [2015-03-31T11:58:27.856309 #5476]  INFO -- : Processing by ProjectsController#index as HTML
I, [2015-03-31T11:58:27.857186 #5476]  INFO -- : Completed 401 Unauthorized in 1ms
I, [2015-03-31T11:58:27.868695 #5476]  INFO -- : Started GET "/users/sign_in" for ::1 at 2015-03-31 11:58:27 +0200
I, [2015-03-31T11:58:27.870238 #5476]  INFO -- : Processing by Devise::SessionsController#new as HTML
I, [2015-03-31T11:58:27.883220 #5476]  INFO -- :   Rendered users/shared/_links.html.erb (5.1ms)
I, [2015-03-31T11:58:27.883350 #5476]  INFO -- :   Rendered users/sessions/new.html.erb within layouts/application (10.5ms)
I, [2015-03-31T11:58:27.884836 #5476]  INFO -- : Completed 200 OK in 14ms (Views: 12.2ms | ActiveRecord: 0.0ms)
I, [2015-03-31T11:58:30.702896 #5476]  INFO -- : Started GET "/users/sign_up" for ::1 at 2015-03-31 11:58:30 +0200
I, [2015-03-31T11:58:30.705632 #5476]  INFO -- : Processing by RegistrationsController#new as HTML
I, [2015-03-31T11:58:30.723766 #5476]  INFO -- :   Rendered users/shared/_links.html.erb (3.5ms)
I, [2015-03-31T11:58:30.723885 #5476]  INFO -- :   Rendered users/registrations/new.html.erb within layouts/application (12.5ms)
I, [2015-03-31T11:58:30.725173 #5476]  INFO -- : Completed 200 OK in 19ms (Views: 18.3ms | ActiveRecord: 0.0ms)
I, [2015-03-31T12:08:46.402926 #5476]  INFO -- : Started GET "/" for ::1 at 2015-03-31 12:08:46 +0200
I, [2015-03-31T12:08:46.463329 #5476]  INFO -- : Started GET "/projects" for ::1 at 2015-03-31 12:08:46 +0200
I, [2015-03-31T12:08:46.464346 #5476]  INFO -- : Processing by ProjectsController#index as HTML
I, [2015-03-31T12:08:46.464912 #5476]  INFO -- : Completed 401 Unauthorized in 0ms
I, [2015-03-31T12:08:46.473842 #5476]  INFO -- : Started GET "/users/sign_in" for ::1 at 2015-03-31 12:08:46 +0200
I, [2015-03-31T12:08:46.475024 #5476]  INFO -- : Processing by Devise::SessionsController#new as HTML
I, [2015-03-31T12:08:46.486709 #5476]  INFO -- :   Rendered users/shared/_links.html.erb (5.7ms)
I, [2015-03-31T12:08:46.486839 #5476]  INFO -- :   Rendered users/sessions/new.html.erb within layouts/application (10.3ms)
I, [2015-03-31T12:08:46.488231 #5476]  INFO -- : Completed 200 OK in 13ms (Views: 11.9ms | ActiveRecord: 0.0ms)
I, [2015-03-31T12:08:50.286398 #5476]  INFO -- : Started GET "/users/sign_up" for ::1 at 2015-03-31 12:08:50 +0200
I, [2015-03-31T12:08:50.287531 #5476]  INFO -- : Processing by RegistrationsController#new as HTML
I, [2015-03-31T12:08:50.298919 #5476]  INFO -- :   Rendered users/shared/_links.html.erb (4.1ms)
I, [2015-03-31T12:08:50.299045 #5476]  INFO -- :   Rendered users/registrations/new.html.erb within layouts/application (10.2ms)
I, [2015-03-31T12:08:50.300403 #5476]  INFO -- : Completed 200 OK in 13ms (Views: 11.8ms | ActiveRecord: 0.0ms)
I, [2015-03-31T12:09:09.113810 #5476]  INFO -- : Started POST "/users" for ::1 at 2015-03-31 12:09:09 +0200
I, [2015-03-31T12:09:09.115224 #5476]  INFO -- : Processing by RegistrationsController#create as HTML
I, [2015-03-31T12:09:09.115310 #5476]  INFO -- :   Parameters: {"utf8"=>"✓", "authenticity_token"=>"U0xqoe8bQ8no6eUSg8Y0C2be6NXaDjnIvAYpLcF3HjiWCwSsShAY5BH5IYQrmHKkMimCz9teBh7fbTxRFOQYpg==", "user"=>{"firstname"=>"ad", "lastname"=>"azd", "department"=>"daz", "email"=>"nicolas.pirotte@student.uclouvain.be", "phone"=>"675", "mobile"=>"675", "address"=>"bhj", "location"=>"hjb", "contact_person"=>"", "password"=>"[FILTERED]", "password_confirmation"=>"[FILTERED]"}, "commit"=>"Sign up"}
D, [2015-03-31T12:09:09.191773 #5476] DEBUG -- :   [1m[35m (0.2ms)[0m  BEGIN
D, [2015-03-31T12:09:09.199506 #5476] DEBUG -- :   [1m[36mUser Exists (0.4ms)[0m  [1mSELECT  1 AS one FROM "users" WHERE "users"."email" = 'nicolas.pirotte@student.uclouvain.be' LIMIT 1[0m
D, [2015-03-31T12:09:09.201730 #5476] DEBUG -- :   [1m[35mUser Load (0.4ms)[0m  SELECT  "users".* FROM "users" WHERE "users"."confirmation_token" = $1  ORDER BY "users"."id" ASC LIMIT 1  [["confirmation_token", "1b4e1fbb74ad8e20cf57bcc36423bbe5aa13bc7fd253a2ee23d53c676ac1485e"]]
D, [2015-03-31T12:09:09.203697 #5476] DEBUG -- :   [1m[36mSQL (0.4ms)[0m  [1mINSERT INTO "users" ("firstname", "lastname", "department", "mobile", "contact_person", "address", "location", "phone", "email", "encrypted_password", "created_at", "updated_at", "confirmation_token", "confirmation_sent_at") VALUES ($1, $2, $3, $4, $5, $6, $7, $8, $9, $10, $11, $12, $13, $14) RETURNING "id"[0m  [["firstname", "ad"], ["lastname", "azd"], ["department", "daz"], ["mobile", "675"], ["contact_person", ""], ["address", "bhj"], ["location", "hjb"], ["phone", "675"], ["email", "nicolas.pirotte@student.uclouvain.be"], ["encrypted_password", "$2a$10$Llipb2uTynMOrH3XMZxj.OTYAhJVxTnl2hoqaocbzgCedpt0kG.7m"], ["created_at", "2015-03-31 10:09:09.200170"], ["updated_at", "2015-03-31 10:09:09.200170"], ["confirmation_token", "1b4e1fbb74ad8e20cf57bcc36423bbe5aa13bc7fd253a2ee23d53c676ac1485e"], ["confirmation_sent_at", "2015-03-31 10:09:09.202214"]]
I, [2015-03-31T12:09:09.219589 #5476]  INFO -- :   Rendered users/mailer/confirmation_instructions.html.erb (3.8ms)
D, [2015-03-31T12:09:09.411756 #5476] DEBUG -- : 
Devise::Mailer#confirmation_instructions: processed outbound mail in 205.7ms
I, [2015-03-31T12:09:11.052729 #5476]  INFO -- : 
Sent mail to nicolas.pirotte@student.uclouvain.be (1640.7ms)
D, [2015-03-31T12:09:11.052838 #5476] DEBUG -- : Date: Tue, 31 Mar 2015 12:09:09 +0200
From: novalins.notifications@gmail.com
Reply-To: novalins.notifications@gmail.com
To: nicolas.pirotte@student.uclouvain.be
Message-ID: <551a724565a07_15643fc9ae32b33048857@MacBook-Pro-de-Nicolas-2.local.mail>
Subject: Confirmation instructions
Mime-Version: 1.0
Content-Type: text/html;
 charset=UTF-8
Content-Transfer-Encoding: 7bit

<p>Welcome nicolas.pirotte@student.uclouvain.be!</p>

<p>You can confirm your account email through the link below:</p>

<p><a href="http://novalins.heroku.com/users/confirmation?confirmation_token=mcMvjXJAUQ6vZxkFKnwi">Confirm my account</a></p>

D, [2015-03-31T12:09:11.055013 #5476] DEBUG -- :   [1m[35m (1.1ms)[0m  COMMIT
I, [2015-03-31T12:09:11.060063 #5476]  INFO -- : Redirected to http://localhost:3000/users/sign_in
D, [2015-03-31T12:09:11.063435 #5476] DEBUG -- :   [1m[36m (0.4ms)[0m  [1mSELECT COUNT(*) FROM "invitations" WHERE "invitations"."email" = $1[0m  [["email", "nicolas.pirotte@student.uclouvain.be"]]
I, [2015-03-31T12:09:11.063796 #5476]  INFO -- : Completed 302 Found in 1948ms (ActiveRecord: 4.0ms)
I, [2015-03-31T12:09:11.071477 #5476]  INFO -- : Started GET "/users/sign_in" for ::1 at 2015-03-31 12:09:11 +0200
I, [2015-03-31T12:09:11.072825 #5476]  INFO -- : Processing by Devise::SessionsController#new as HTML
I, [2015-03-31T12:09:11.085046 #5476]  INFO -- :   Rendered users/shared/_links.html.erb (5.1ms)
I, [2015-03-31T12:09:11.085168 #5476]  INFO -- :   Rendered users/sessions/new.html.erb within layouts/application (10.3ms)
I, [2015-03-31T12:09:11.086454 #5476]  INFO -- : Completed 200 OK in 14ms (Views: 12.2ms | ActiveRecord: 0.0ms)
I, [2015-03-31T12:10:17.099993 #5476]  INFO -- : Started POST "/users/sign_in" for ::1 at 2015-03-31 12:10:17 +0200
I, [2015-03-31T12:10:17.101067 #5476]  INFO -- : Processing by Devise::SessionsController#create as HTML
I, [2015-03-31T12:10:17.101125 #5476]  INFO -- :   Parameters: {"utf8"=>"✓", "authenticity_token"=>"LD7vfYljEcffmh21BctvcDIXUwEaQFTPc5/FAa+DAYnpeYFwLGhK6iaK2SOtlSnfZuA5GxsQaxkQ9NB9ehAHFw==", "user"=>{"email"=>"nicolas.pirotte@student.uclouvain.be", "password"=>"[FILTERED]", "remember_me"=>"0"}, "commit"=>"Log in"}
D, [2015-03-31T12:10:17.103181 #5476] DEBUG -- :   [1m[35mUser Load (0.5ms)[0m  SELECT  "users".* FROM "users" WHERE "users"."email" = $1  ORDER BY "users"."id" ASC LIMIT 1  [["email", "nicolas.pirotte@student.uclouvain.be"]]
D, [2015-03-31T12:10:17.178522 #5476] DEBUG -- :   [1m[36m (0.1ms)[0m  [1mBEGIN[0m
D, [2015-03-31T12:10:17.179328 #5476] DEBUG -- :   [1m[35m (0.1ms)[0m  COMMIT
I, [2015-03-31T12:10:17.179500 #5476]  INFO -- : Completed 401 Unauthorized in 78ms
I, [2015-03-31T12:10:17.188357 #5476]  INFO -- : Started GET "/users/sign_in" for ::1 at 2015-03-31 12:10:17 +0200
I, [2015-03-31T12:10:17.189511 #5476]  INFO -- : Processing by Devise::SessionsController#new as HTML
I, [2015-03-31T12:10:17.201631 #5476]  INFO -- :   Rendered users/shared/_links.html.erb (5.4ms)
I, [2015-03-31T12:10:17.201748 #5476]  INFO -- :   Rendered users/sessions/new.html.erb within layouts/application (10.1ms)
I, [2015-03-31T12:10:17.202990 #5476]  INFO -- : Completed 200 OK in 13ms (Views: 11.5ms | ActiveRecord: 0.0ms)
I, [2015-03-31T12:11:44.846953 #5724]  INFO -- : Started GET "/users/sign_in" for ::1 at 2015-03-31 12:11:44 +0200
I, [2015-03-31T12:11:44.883555 #5724]  INFO -- : Processing by Devise::SessionsController#new as HTML
I, [2015-03-31T12:11:45.010771 #5724]  INFO -- :   Rendered users/shared/_links.html.erb (8.8ms)
I, [2015-03-31T12:11:45.010900 #5724]  INFO -- :   Rendered users/sessions/new.html.erb within layouts/application (67.3ms)
I, [2015-03-31T12:11:45.013271 #5724]  INFO -- : Completed 200 OK in 130ms (Views: 74.6ms | ActiveRecord: 7.0ms)
I, [2015-03-31T12:11:46.715273 #5724]  INFO -- : Started GET "/users/sign_up" for ::1 at 2015-03-31 12:11:46 +0200
I, [2015-03-31T12:11:46.717968 #5724]  INFO -- : Processing by RegistrationsController#new as HTML
I, [2015-03-31T12:11:46.738722 #5724]  INFO -- :   Rendered users/shared/_links.html.erb (3.8ms)
I, [2015-03-31T12:11:46.738854 #5724]  INFO -- :   Rendered users/registrations/new.html.erb within layouts/application (14.7ms)
I, [2015-03-31T12:11:46.740758 #5724]  INFO -- : Completed 200 OK in 23ms (Views: 21.5ms | ActiveRecord: 0.0ms)
I, [2015-03-31T12:11:50.820516 #5724]  INFO -- : Started GET "/pages/info" for ::1 at 2015-03-31 12:11:50 +0200
I, [2015-03-31T12:11:50.822765 #5724]  INFO -- : Processing by PagesController#info as HTML
I, [2015-03-31T12:11:50.823565 #5724]  INFO -- : Completed 401 Unauthorized in 1ms
I, [2015-03-31T12:11:50.834579 #5724]  INFO -- : Started GET "/users/sign_in" for ::1 at 2015-03-31 12:11:50 +0200
I, [2015-03-31T12:11:50.835766 #5724]  INFO -- : Processing by Devise::SessionsController#new as HTML
I, [2015-03-31T12:11:50.845259 #5724]  INFO -- :   Rendered users/shared/_links.html.erb (4.6ms)
I, [2015-03-31T12:11:50.845378 #5724]  INFO -- :   Rendered users/sessions/new.html.erb within layouts/application (8.2ms)
I, [2015-03-31T12:11:50.846779 #5724]  INFO -- : Completed 200 OK in 11ms (Views: 9.8ms | ActiveRecord: 0.0ms)
I, [2015-03-31T12:11:52.889691 #5724]  INFO -- : Started GET "/users/sign_up" for ::1 at 2015-03-31 12:11:52 +0200
I, [2015-03-31T12:11:52.890904 #5724]  INFO -- : Processing by RegistrationsController#new as HTML
I, [2015-03-31T12:11:52.901441 #5724]  INFO -- :   Rendered users/shared/_links.html.erb (2.6ms)
I, [2015-03-31T12:11:52.901614 #5724]  INFO -- :   Rendered users/registrations/new.html.erb within layouts/application (9.4ms)
I, [2015-03-31T12:11:52.903269 #5724]  INFO -- : Completed 200 OK in 12ms (Views: 11.2ms | ActiveRecord: 0.0ms)
I, [2015-03-31T12:12:13.544526 #5724]  INFO -- : Started POST "/users" for ::1 at 2015-03-31 12:12:13 +0200
I, [2015-03-31T12:12:13.545953 #5724]  INFO -- : Processing by RegistrationsController#create as HTML
I, [2015-03-31T12:12:13.546035 #5724]  INFO -- :   Parameters: {"utf8"=>"✓", "authenticity_token"=>"3FcJ13d3W6AjUH0xMjR2BX7rjLHvMM8TAGHIBP0fjTcZEGfa0nwAjdpAuaeaajCqKhzmq+5g8MVjCt14KIyLqQ==", "user"=>{"firstname"=>"efz", "lastname"=>"ezf", "department"=>"efz", "email"=>"nicolas.pirotte@student.uclouvain.be", "phone"=>"675678", "mobile"=>"7685", "address"=>"ezf", "location"=>"efz", "contact_person"=>"", "password"=>"[FILTERED]", "password_confirmation"=>"[FILTERED]"}, "commit"=>"Sign up"}
D, [2015-03-31T12:12:13.623551 #5724] DEBUG -- :   [1m[36m (0.1ms)[0m  [1mBEGIN[0m
D, [2015-03-31T12:12:13.630383 #5724] DEBUG -- :   [1m[35mUser Exists (1.2ms)[0m  SELECT  1 AS one FROM "users" WHERE "users"."email" = 'nicolas.pirotte@student.uclouvain.be' LIMIT 1
D, [2015-03-31T12:12:13.631616 #5724] DEBUG -- :   [1m[36m (0.1ms)[0m  [1mROLLBACK[0m
I, [2015-03-31T12:12:13.646498 #5724]  INFO -- :   Rendered users/shared/_links.html.erb (2.0ms)
I, [2015-03-31T12:12:13.646638 #5724]  INFO -- :   Rendered users/registrations/new.html.erb within layouts/application (9.2ms)
D, [2015-03-31T12:12:13.651688 #5724] DEBUG -- :   [1m[35m (0.4ms)[0m  SELECT COUNT(*) FROM "invitations" WHERE "invitations"."email" = $1  [["email", "nicolas.pirotte@student.uclouvain.be"]]
I, [2015-03-31T12:12:13.652078 #5724]  INFO -- : Completed 200 OK in 106ms (Views: 10.6ms | ActiveRecord: 3.0ms)
I, [2015-03-31T12:12:39.363306 #5724]  INFO -- : Started POST "/users" for ::1 at 2015-03-31 12:12:39 +0200
I, [2015-03-31T12:12:39.364509 #5724]  INFO -- : Processing by RegistrationsController#create as HTML
I, [2015-03-31T12:12:39.364581 #5724]  INFO -- :   Parameters: {"utf8"=>"✓", "authenticity_token"=>"ZWAkVplAr0Pxe4mdwlZLD+3KnwQ6+5YrH/OdfGC+vregJ0pbPEv0bghrTQtqCA2guT31Hjurqf18mIgAtS24KQ==", "user"=>{"firstname"=>"efz", "lastname"=>"ezf", "department"=>"efz", "email"=>"nicopirotte5060@gmail.com", "phone"=>"675678", "mobile"=>"7685", "address"=>"ezf", "location"=>"efz", "contact_person"=>"", "password"=>"[FILTERED]", "password_confirmation"=>"[FILTERED]"}, "commit"=>"Sign up"}
D, [2015-03-31T12:12:39.447385 #5724] DEBUG -- :   [1m[36m (0.1ms)[0m  [1mBEGIN[0m
D, [2015-03-31T12:12:39.449345 #5724] DEBUG -- :   [1m[35mUser Exists (0.4ms)[0m  SELECT  1 AS one FROM "users" WHERE "users"."email" = 'nicopirotte5060@gmail.com' LIMIT 1
D, [2015-03-31T12:12:39.451647 #5724] DEBUG -- :   [1m[36mSQL (0.4ms)[0m  [1mINSERT INTO "users" ("firstname", "lastname", "department", "mobile", "contact_person", "address", "location", "phone", "email", "encrypted_password", "created_at", "updated_at") VALUES ($1, $2, $3, $4, $5, $6, $7, $8, $9, $10, $11, $12) RETURNING "id"[0m  [["firstname", "efz"], ["lastname", "ezf"], ["department", "efz"], ["mobile", "7685"], ["contact_person", ""], ["address", "ezf"], ["location", "efz"], ["phone", "675678"], ["email", "nicopirotte5060@gmail.com"], ["encrypted_password", "$2a$10$wyVEH0nQ57xepCpN49KI/OB5KiKbZHLlw7nck82PwWRe/3AHmyMPm"], ["created_at", "2015-03-31 10:12:39.449891"], ["updated_at", "2015-03-31 10:12:39.449891"]]
D, [2015-03-31T12:12:39.452773 #5724] DEBUG -- :   [1m[35m (0.4ms)[0m  COMMIT
D, [2015-03-31T12:12:39.454752 #5724] DEBUG -- :   [1m[36m (0.1ms)[0m  [1mBEGIN[0m
D, [2015-03-31T12:12:39.457758 #5724] DEBUG -- :   [1m[35mSQL (0.4ms)[0m  UPDATE "users" SET "last_sign_in_at" = $1, "current_sign_in_at" = $2, "last_sign_in_ip" = $3, "current_sign_in_ip" = $4, "sign_in_count" = $5, "updated_at" = $6 WHERE "users"."id" = $7  [["last_sign_in_at", "2015-03-31 10:12:39.453531"], ["current_sign_in_at", "2015-03-31 10:12:39.453531"], ["last_sign_in_ip", "::1"], ["current_sign_in_ip", "::1"], ["sign_in_count", 1], ["updated_at", "2015-03-31 10:12:39.455018"], ["id", 4]]
D, [2015-03-31T12:12:39.458542 #5724] DEBUG -- :   [1m[36m (0.3ms)[0m  [1mCOMMIT[0m
I, [2015-03-31T12:12:39.460245 #5724]  INFO -- : Redirected to http://localhost:3000/pages/info
D, [2015-03-31T12:12:39.461906 #5724] DEBUG -- :   [1m[35m (0.4ms)[0m  SELECT COUNT(*) FROM "invitations" WHERE "invitations"."email" = $1  [["email", "nicopirotte5060@gmail.com"]]
I, [2015-03-31T12:12:39.462358 #5724]  INFO -- : Completed 302 Found in 98ms (ActiveRecord: 2.6ms)
I, [2015-03-31T12:12:39.469465 #5724]  INFO -- : Started GET "/pages/info" for ::1 at 2015-03-31 12:12:39 +0200
I, [2015-03-31T12:12:39.470254 #5724]  INFO -- : Processing by PagesController#info as HTML
D, [2015-03-31T12:12:39.473209 #5724] DEBUG -- :   [1m[36mUser Load (0.7ms)[0m  [1mSELECT  "users".* FROM "users" WHERE "users"."id" = $1  ORDER BY "users"."id" ASC LIMIT 1[0m  [["id", 4]]
I, [2015-03-31T12:12:39.478653 #5724]  INFO -- :   Rendered pages/info.html.erb within layouts/application (0.3ms)
D, [2015-03-31T12:12:39.491796 #5724] DEBUG -- :   [1m[35m (0.9ms)[0m  SELECT COUNT(*) FROM "messages" WHERE "messages"."receiver_id" = 4 AND "messages"."read" = 'f'
I, [2015-03-31T12:12:39.492870 #5724]  INFO -- : Completed 200 OK in 23ms (Views: 16.3ms | ActiveRecord: 3.0ms)
I, [2015-03-31T12:12:41.818594 #5724]  INFO -- : Started GET "/projects" for ::1 at 2015-03-31 12:12:41 +0200
I, [2015-03-31T12:12:41.821122 #5724]  INFO -- : Processing by ProjectsController#index as HTML
D, [2015-03-31T12:12:41.822783 #5724] DEBUG -- :   [1m[36mUser Load (0.4ms)[0m  [1mSELECT  "users".* FROM "users" WHERE "users"."id" = $1  ORDER BY "users"."id" ASC LIMIT 1[0m  [["id", 4]]
D, [2015-03-31T12:12:41.824195 #5724] DEBUG -- :   [1m[35m (0.2ms)[0m  SELECT COUNT(*) FROM "invitations" WHERE "invitations"."email" = $1 AND "invitations"."done" = 'f'  [["email", "nicopirotte5060@gmail.com"]]
I, [2015-03-31T12:12:41.824656 #5724]  INFO -- : Redirected to http://localhost:3000/companies/new
I, [2015-03-31T12:12:41.824736 #5724]  INFO -- : Filter chain halted as :check_company rendered or redirected
I, [2015-03-31T12:12:41.824827 #5724]  INFO -- : Completed 302 Found in 4ms (ActiveRecord: 0.6ms)
I, [2015-03-31T12:12:41.829893 #5724]  INFO -- : Started GET "/companies/new" for ::1 at 2015-03-31 12:12:41 +0200
I, [2015-03-31T12:12:41.831886 #5724]  INFO -- : Processing by CompaniesController#new as HTML
D, [2015-03-31T12:12:41.833267 #5724] DEBUG -- :   [1m[36mUser Load (0.4ms)[0m  [1mSELECT  "users".* FROM "users" WHERE "users"."id" = $1  ORDER BY "users"."id" ASC LIMIT 1[0m  [["id", 4]]
I, [2015-03-31T12:12:41.855154 #5724]  INFO -- :   Rendered companies/_form.html.erb (5.8ms)
I, [2015-03-31T12:12:41.855330 #5724]  INFO -- :   Rendered companies/new.html.erb within layouts/application (7.2ms)
D, [2015-03-31T12:12:41.857340 #5724] DEBUG -- :   [1m[35m (0.3ms)[0m  SELECT COUNT(*) FROM "messages" WHERE "messages"."receiver_id" = 4 AND "messages"."read" = 'f'
I, [2015-03-31T12:12:41.857933 #5724]  INFO -- : Completed 200 OK in 26ms (Views: 12.9ms | ActiveRecord: 3.3ms)
I, [2015-03-31T12:12:45.011819 #5724]  INFO -- : Started GET "/projects/new" for ::1 at 2015-03-31 12:12:45 +0200
I, [2015-03-31T12:12:45.013254 #5724]  INFO -- : Processing by ProjectsController#new as HTML
D, [2015-03-31T12:12:45.014872 #5724] DEBUG -- :   [1m[36mUser Load (0.4ms)[0m  [1mSELECT  "users".* FROM "users" WHERE "users"."id" = $1  ORDER BY "users"."id" ASC LIMIT 1[0m  [["id", 4]]
D, [2015-03-31T12:12:45.016213 #5724] DEBUG -- :   [1m[35m (0.2ms)[0m  SELECT COUNT(*) FROM "invitations" WHERE "invitations"."email" = $1 AND "invitations"."done" = 'f'  [["email", "nicopirotte5060@gmail.com"]]
I, [2015-03-31T12:12:45.016627 #5724]  INFO -- : Redirected to http://localhost:3000/companies/new
I, [2015-03-31T12:12:45.016692 #5724]  INFO -- : Filter chain halted as :check_company rendered or redirected
I, [2015-03-31T12:12:45.016787 #5724]  INFO -- : Completed 302 Found in 3ms (ActiveRecord: 0.6ms)
I, [2015-03-31T12:12:45.021404 #5724]  INFO -- : Started GET "/companies/new" for ::1 at 2015-03-31 12:12:45 +0200
I, [2015-03-31T12:12:45.022245 #5724]  INFO -- : Processing by CompaniesController#new as HTML
D, [2015-03-31T12:12:45.023512 #5724] DEBUG -- :   [1m[36mUser Load (0.4ms)[0m  [1mSELECT  "users".* FROM "users" WHERE "users"."id" = $1  ORDER BY "users"."id" ASC LIMIT 1[0m  [["id", 4]]
I, [2015-03-31T12:12:45.029477 #5724]  INFO -- :   Rendered companies/_form.html.erb (4.9ms)
I, [2015-03-31T12:12:45.029651 #5724]  INFO -- :   Rendered companies/new.html.erb within layouts/application (5.2ms)
D, [2015-03-31T12:12:45.031399 #5724] DEBUG -- :   [1m[35m (0.4ms)[0m  SELECT COUNT(*) FROM "messages" WHERE "messages"."receiver_id" = 4 AND "messages"."read" = 'f'
I, [2015-03-31T12:12:45.031909 #5724]  INFO -- : Completed 200 OK in 10ms (Views: 7.4ms | ActiveRecord: 0.7ms)
I, [2015-03-31T12:12:48.048463 #5724]  INFO -- : Started GET "/companies/new" for ::1 at 2015-03-31 12:12:48 +0200
I, [2015-03-31T12:12:48.049291 #5724]  INFO -- : Processing by CompaniesController#new as HTML
D, [2015-03-31T12:12:48.050601 #5724] DEBUG -- :   [1m[36mUser Load (0.4ms)[0m  [1mSELECT  "users".* FROM "users" WHERE "users"."id" = $1  ORDER BY "users"."id" ASC LIMIT 1[0m  [["id", 4]]
I, [2015-03-31T12:12:48.055516 #5724]  INFO -- :   Rendered companies/_form.html.erb (4.0ms)
I, [2015-03-31T12:12:48.055680 #5724]  INFO -- :   Rendered companies/new.html.erb within layouts/application (4.3ms)
D, [2015-03-31T12:12:48.057217 #5724] DEBUG -- :   [1m[35m (0.3ms)[0m  SELECT COUNT(*) FROM "messages" WHERE "messages"."receiver_id" = 4 AND "messages"."read" = 'f'
I, [2015-03-31T12:12:48.057690 #5724]  INFO -- : Completed 200 OK in 8ms (Views: 6.1ms | ActiveRecord: 0.7ms)
I, [2015-03-31T12:12:49.127096 #5724]  INFO -- : Started GET "/projects/new" for ::1 at 2015-03-31 12:12:49 +0200
I, [2015-03-31T12:12:49.128019 #5724]  INFO -- : Processing by ProjectsController#new as HTML
D, [2015-03-31T12:12:49.129387 #5724] DEBUG -- :   [1m[36mUser Load (0.3ms)[0m  [1mSELECT  "users".* FROM "users" WHERE "users"."id" = $1  ORDER BY "users"."id" ASC LIMIT 1[0m  [["id", 4]]
D, [2015-03-31T12:12:49.130713 #5724] DEBUG -- :   [1m[35m (0.3ms)[0m  SELECT COUNT(*) FROM "invitations" WHERE "invitations"."email" = $1 AND "invitations"."done" = 'f'  [["email", "nicopirotte5060@gmail.com"]]
I, [2015-03-31T12:12:49.131140 #5724]  INFO -- : Redirected to http://localhost:3000/companies/new
I, [2015-03-31T12:12:49.131224 #5724]  INFO -- : Filter chain halted as :check_company rendered or redirected
I, [2015-03-31T12:12:49.131331 #5724]  INFO -- : Completed 302 Found in 3ms (ActiveRecord: 0.5ms)
I, [2015-03-31T12:12:49.136128 #5724]  INFO -- : Started GET "/companies/new" for ::1 at 2015-03-31 12:12:49 +0200
I, [2015-03-31T12:12:49.136989 #5724]  INFO -- : Processing by CompaniesController#new as HTML
D, [2015-03-31T12:12:49.138242 #5724] DEBUG -- :   [1m[36mUser Load (0.2ms)[0m  [1mSELECT  "users".* FROM "users" WHERE "users"."id" = $1  ORDER BY "users"."id" ASC LIMIT 1[0m  [["id", 4]]
I, [2015-03-31T12:12:49.143878 #5724]  INFO -- :   Rendered companies/_form.html.erb (4.7ms)
I, [2015-03-31T12:12:49.144187 #5724]  INFO -- :   Rendered companies/new.html.erb within layouts/application (5.1ms)
D, [2015-03-31T12:12:49.146247 #5724] DEBUG -- :   [1m[35m (0.4ms)[0m  SELECT COUNT(*) FROM "messages" WHERE "messages"."receiver_id" = 4 AND "messages"."read" = 'f'
I, [2015-03-31T12:12:49.146867 #5724]  INFO -- : Completed 200 OK in 10ms (Views: 7.5ms | ActiveRecord: 0.6ms)
